03/23/2025 22:28:38 - WARNING - __main__ -   Process rank: -1, device: cpu, distributed training: False, 16-bits training: False
03/23/2025 22:28:38 - INFO - pytorch_transformers.modeling_utils -   loading configuration file https://s3.amazonaws.com/models.huggingface.co/bert/bert-base-cased-config.json from cache at /users/yc6206/.cache/torch/pytorch_transformers/b945b69218e98b3e2c95acf911789741307dec43c698d35fad11c1ae28bda352.9da767be51e1327499df13488672789394e2ca38b877837e52618a67d7002391
03/23/2025 22:28:38 - INFO - pytorch_transformers.modeling_utils -   Model config {
  "architectures": [
    "BertForMaskedLM"
  ],
  "attention_probs_dropout_prob": 0.1,
  "finetuning_task": "rte",
  "hidden_act": "gelu",
  "hidden_dropout_prob": 0.1,
  "hidden_size": 768,
  "initializer_range": 0.02,
  "intermediate_size": 3072,
  "layer_norm_eps": 1e-12,
  "max_position_embeddings": 512,
  "model_type": "bert",
  "num_attention_heads": 12,
  "num_hidden_layers": 12,
  "num_labels": 2,
  "output_attentions": false,
  "output_hidden_states": false,
  "pad_token_id": 0,
  "pruned_heads": {},
  "torchscript": false,
  "type_vocab_size": 2,
  "vocab_size": 28996
}

03/23/2025 22:28:38 - INFO - pytorch_transformers.tokenization_utils -   loading file https://s3.amazonaws.com/models.huggingface.co/bert/bert-base-cased-vocab.txt from cache at /users/yc6206/.cache/torch/pytorch_transformers/5e8a2b4893d13790ed4150ca1906be5f7a03d6c4ddf62296c383f6db42814db2.e13dbb970cb325137104fb2e5f36fe865f27746c6b526f6352861b1980eb80b1
03/23/2025 22:28:38 - INFO - pytorch_transformers.modeling_utils -   loading weights file https://s3.amazonaws.com/models.huggingface.co/bert/bert-base-cased-pytorch_model.bin from cache at /users/yc6206/.cache/torch/pytorch_transformers/35d8b9d36faaf46728a0192d82bf7d00137490cd6074e8500778afed552a67e5.3fadbea36527ae472139fe84cddaa65454d7429f12d543d80bfc3ad70de55ac2
03/23/2025 22:28:47 - INFO - pytorch_transformers.modeling_utils -   Weights of BertForSequenceClassification not initialized from pretrained model: ['classifier.weight', 'classifier.bias']
03/23/2025 22:28:47 - INFO - pytorch_transformers.modeling_utils -   Weights from pretrained model not used in BertForSequenceClassification: ['cls.predictions.bias', 'cls.predictions.transform.dense.weight', 'cls.predictions.transform.dense.bias', 'cls.predictions.decoder.weight', 'cls.seq_relationship.weight', 'cls.seq_relationship.bias', 'cls.predictions.transform.LayerNorm.weight', 'cls.predictions.transform.LayerNorm.bias']
03/23/2025 22:28:47 - INFO - __main__ -   Training/evaluation parameters Namespace(data_dir='/proj/cos568proj2-PG0/glue_data/RTE', model_type='bert', model_name_or_path='bert-base-cased', task_name='rte', output_dir='/tmp/RTE/', config_name='', tokenizer_name='', cache_dir='', max_seq_length=128, do_train=True, do_eval=True, do_lower_case=False, per_device_train_batch_size=64, per_device_eval_batch_size=8, gradient_accumulation_steps=1, learning_rate=2e-05, weight_decay=0.0, adam_epsilon=1e-08, max_grad_norm=1.0, num_train_epochs=3.0, max_steps=-1, warmup_steps=0, no_cuda=False, overwrite_output_dir=True, overwrite_cache=False, seed=42, fp16=False, fp16_opt_level='O1', local_rank=-1, device=device(type='cpu'), n_gpu=0, output_mode='classification')
03/23/2025 22:28:47 - INFO - __main__ -   Loading features from cached file /proj/cos568proj2-PG0/glue_data/RTE/cached_train_bert-base-cased_128_rte
03/23/2025 22:28:49 - INFO - __main__ -   ***** Running training *****
03/23/2025 22:28:49 - INFO - __main__ -     Num examples = 2490
03/23/2025 22:28:49 - INFO - __main__ -     Num Epochs = 3
03/23/2025 22:28:49 - INFO - __main__ -     Instantaneous batch size per device = 64
03/23/2025 22:28:49 - INFO - __main__ -     Total train batch size (w. parallel, distributed & accumulation) = 64
03/23/2025 22:28:49 - INFO - __main__ -     Gradient Accumulation steps = 1
03/23/2025 22:28:49 - INFO - __main__ -     Total optimization steps = 117
03/23/2025 22:34:21 - INFO - __main__ -   Loading features from cached file /proj/cos568proj2-PG0/glue_data/RTE/cached_dev_bert-base-cased_128_rte
03/23/2025 22:34:21 - INFO - __main__ -   ***** Running evaluation  *****
03/23/2025 22:34:21 - INFO - __main__ -     Num examples = 277
03/23/2025 22:34:21 - INFO - __main__ -     Batch size = 8
03/23/2025 22:34:21 - INFO - __main__ -   loss: 0.6769010424613953
03/23/2025 22:34:21 - INFO - __main__ -   loss: 0.67326819896698
03/23/2025 22:34:22 - INFO - __main__ -   loss: 0.6587128043174744
03/23/2025 22:34:22 - INFO - __main__ -   loss: 0.6771488785743713
03/23/2025 22:34:22 - INFO - __main__ -   loss: 0.6873990297317505
03/23/2025 22:34:23 - INFO - __main__ -   loss: 0.7075703144073486
03/23/2025 22:34:23 - INFO - __main__ -   loss: 0.6867147088050842
03/23/2025 22:34:24 - INFO - __main__ -   loss: 0.6598770618438721
03/23/2025 22:34:24 - INFO - __main__ -   loss: 0.67552250623703
03/23/2025 22:34:24 - INFO - __main__ -   loss: 0.6935653686523438
03/23/2025 22:34:25 - INFO - __main__ -   loss: 0.6853078603744507
03/23/2025 22:34:25 - INFO - __main__ -   loss: 0.6983762383460999
03/23/2025 22:34:25 - INFO - __main__ -   loss: 0.684779942035675
03/23/2025 22:34:26 - INFO - __main__ -   loss: 0.6740798354148865
03/23/2025 22:34:26 - INFO - __main__ -   loss: 0.6504946351051331
03/23/2025 22:34:26 - INFO - __main__ -   loss: 0.7170370817184448
03/23/2025 22:34:27 - INFO - __main__ -   loss: 0.6569812893867493
03/23/2025 22:34:27 - INFO - __main__ -   loss: 0.6594672203063965
03/23/2025 22:34:27 - INFO - __main__ -   loss: 0.6806818246841431
03/23/2025 22:34:28 - INFO - __main__ -   loss: 0.654181957244873
03/23/2025 22:34:28 - INFO - __main__ -   loss: 0.7082387804985046
03/23/2025 22:34:28 - INFO - __main__ -   loss: 0.644907534122467
03/23/2025 22:34:29 - INFO - __main__ -   loss: 0.6493442058563232
03/23/2025 22:34:29 - INFO - __main__ -   loss: 0.6937624216079712
03/23/2025 22:34:29 - INFO - __main__ -   loss: 0.6898527145385742
03/23/2025 22:34:30 - INFO - __main__ -   loss: 0.6550350189208984
03/23/2025 22:34:30 - INFO - __main__ -   loss: 0.6824383735656738
03/23/2025 22:34:31 - INFO - __main__ -   loss: 0.6955955624580383
03/23/2025 22:34:31 - INFO - __main__ -   loss: 0.646294891834259
03/23/2025 22:34:31 - INFO - __main__ -   loss: 0.7026146650314331
03/23/2025 22:34:32 - INFO - __main__ -   loss: 0.676636815071106
03/23/2025 22:34:32 - INFO - __main__ -   loss: 0.6679025888442993
03/23/2025 22:34:32 - INFO - __main__ -   loss: 0.658652126789093
03/23/2025 22:34:33 - INFO - __main__ -   loss: 0.6718006134033203
03/23/2025 22:34:33 - INFO - __main__ -   loss: 0.6619119644165039
03/23/2025 22:34:33 - INFO - __main__ -   ***** Eval results  *****
03/23/2025 22:34:33 - INFO - __main__ -     acc = 0.628158844765343
03/23/2025 22:39:53 - INFO - __main__ -   Loading features from cached file /proj/cos568proj2-PG0/glue_data/RTE/cached_dev_bert-base-cased_128_rte
03/23/2025 22:39:53 - INFO - __main__ -   ***** Running evaluation  *****
03/23/2025 22:39:53 - INFO - __main__ -     Num examples = 277
03/23/2025 22:39:53 - INFO - __main__ -     Batch size = 8
03/23/2025 22:39:54 - INFO - __main__ -   loss: 0.5941402316093445
03/23/2025 22:39:54 - INFO - __main__ -   loss: 0.653721809387207
03/23/2025 22:39:54 - INFO - __main__ -   loss: 0.6359959244728088
03/23/2025 22:39:55 - INFO - __main__ -   loss: 0.6290121674537659
03/23/2025 22:39:55 - INFO - __main__ -   loss: 0.6485411524772644
03/23/2025 22:39:56 - INFO - __main__ -   loss: 0.8289085626602173
03/23/2025 22:39:56 - INFO - __main__ -   loss: 0.6952471733093262
03/23/2025 22:39:56 - INFO - __main__ -   loss: 0.5356627106666565
03/23/2025 22:39:57 - INFO - __main__ -   loss: 0.7490128874778748
03/23/2025 22:39:57 - INFO - __main__ -   loss: 0.6826183795928955
03/23/2025 22:39:57 - INFO - __main__ -   loss: 0.8010322451591492
03/23/2025 22:39:58 - INFO - __main__ -   loss: 0.7547112703323364
03/23/2025 22:39:58 - INFO - __main__ -   loss: 0.6387374401092529
03/23/2025 22:39:58 - INFO - __main__ -   loss: 0.5595628619194031
03/23/2025 22:39:59 - INFO - __main__ -   loss: 0.472231924533844
03/23/2025 22:39:59 - INFO - __main__ -   loss: 0.8450508117675781
03/23/2025 22:39:59 - INFO - __main__ -   loss: 0.5313616991043091
03/23/2025 22:40:00 - INFO - __main__ -   loss: 0.6111570596694946
03/23/2025 22:40:00 - INFO - __main__ -   loss: 0.5998741984367371
03/23/2025 22:40:00 - INFO - __main__ -   loss: 0.5084986090660095
03/23/2025 22:40:01 - INFO - __main__ -   loss: 0.8086656332015991
03/23/2025 22:40:01 - INFO - __main__ -   loss: 0.5914400815963745
03/23/2025 22:40:01 - INFO - __main__ -   loss: 0.4582212567329407
03/23/2025 22:40:02 - INFO - __main__ -   loss: 0.6471811532974243
03/23/2025 22:40:02 - INFO - __main__ -   loss: 0.7034793496131897
03/23/2025 22:40:02 - INFO - __main__ -   loss: 0.66422438621521
03/23/2025 22:40:03 - INFO - __main__ -   loss: 0.6975810527801514
03/23/2025 22:40:03 - INFO - __main__ -   loss: 0.6888883113861084
03/23/2025 22:40:04 - INFO - __main__ -   loss: 0.49749305844306946
03/23/2025 22:40:04 - INFO - __main__ -   loss: 0.761538028717041
03/23/2025 22:40:04 - INFO - __main__ -   loss: 0.7787569761276245
03/23/2025 22:40:05 - INFO - __main__ -   loss: 0.6063164472579956
03/23/2025 22:40:05 - INFO - __main__ -   loss: 0.48895710706710815
03/23/2025 22:40:05 - INFO - __main__ -   loss: 0.5368125438690186
03/23/2025 22:40:06 - INFO - __main__ -   loss: 0.5639957785606384
03/23/2025 22:40:06 - INFO - __main__ -   ***** Eval results  *****
03/23/2025 22:40:06 - INFO - __main__ -     acc = 0.6498194945848376
03/23/2025 22:45:24 - INFO - __main__ -   Loading features from cached file /proj/cos568proj2-PG0/glue_data/RTE/cached_dev_bert-base-cased_128_rte
03/23/2025 22:45:24 - INFO - __main__ -   ***** Running evaluation  *****
03/23/2025 22:45:24 - INFO - __main__ -     Num examples = 277
03/23/2025 22:45:24 - INFO - __main__ -     Batch size = 8
03/23/2025 22:45:24 - INFO - __main__ -   loss: 0.5902550220489502
03/23/2025 22:45:25 - INFO - __main__ -   loss: 0.6235178112983704
03/23/2025 22:45:25 - INFO - __main__ -   loss: 0.5688550472259521
03/23/2025 22:45:26 - INFO - __main__ -   loss: 0.779183566570282
03/23/2025 22:45:26 - INFO - __main__ -   loss: 0.7337923049926758
03/23/2025 22:45:26 - INFO - __main__ -   loss: 0.8774619698524475
03/23/2025 22:45:27 - INFO - __main__ -   loss: 0.7743881940841675
03/23/2025 22:45:27 - INFO - __main__ -   loss: 0.5138541460037231
03/23/2025 22:45:27 - INFO - __main__ -   loss: 0.7359511256217957
03/23/2025 22:45:28 - INFO - __main__ -   loss: 0.7984781265258789
03/23/2025 22:45:28 - INFO - __main__ -   loss: 0.8596636056900024
03/23/2025 22:45:28 - INFO - __main__ -   loss: 0.8323712944984436
03/23/2025 22:45:29 - INFO - __main__ -   loss: 0.5909862518310547
03/23/2025 22:45:29 - INFO - __main__ -   loss: 0.5284613370895386
03/23/2025 22:45:29 - INFO - __main__ -   loss: 0.46275457739830017
03/23/2025 22:45:30 - INFO - __main__ -   loss: 1.0032705068588257
03/23/2025 22:45:30 - INFO - __main__ -   loss: 0.46633902192115784
03/23/2025 22:45:30 - INFO - __main__ -   loss: 0.6926580667495728
03/23/2025 22:45:31 - INFO - __main__ -   loss: 0.5892700552940369
03/23/2025 22:45:31 - INFO - __main__ -   loss: 0.4336897134780884
03/23/2025 22:45:31 - INFO - __main__ -   loss: 0.8786597847938538
03/23/2025 22:45:32 - INFO - __main__ -   loss: 0.5930057168006897
03/23/2025 22:45:32 - INFO - __main__ -   loss: 0.43425455689430237
03/23/2025 22:45:32 - INFO - __main__ -   loss: 0.5603792071342468
03/23/2025 22:45:33 - INFO - __main__ -   loss: 0.8232507705688477
03/23/2025 22:45:33 - INFO - __main__ -   loss: 0.7250385284423828
03/23/2025 22:45:33 - INFO - __main__ -   loss: 0.7339166402816772
03/23/2025 22:45:34 - INFO - __main__ -   loss: 0.7503573894500732
03/23/2025 22:45:34 - INFO - __main__ -   loss: 0.4490830898284912
03/23/2025 22:45:34 - INFO - __main__ -   loss: 0.8564492464065552
03/23/2025 22:45:35 - INFO - __main__ -   loss: 0.862289547920227
03/23/2025 22:45:35 - INFO - __main__ -   loss: 0.6488516926765442
03/23/2025 22:45:36 - INFO - __main__ -   loss: 0.45892977714538574
03/23/2025 22:45:36 - INFO - __main__ -   loss: 0.5675179958343506
03/23/2025 22:45:36 - INFO - __main__ -   loss: 0.5104066133499146
03/23/2025 22:45:36 - INFO - __main__ -   ***** Eval results  *****
03/23/2025 22:45:36 - INFO - __main__ -     acc = 0.6209386281588448
03/23/2025 22:45:36 - INFO - __main__ -    global_step = 117, average loss = 0.6365272191345183
03/23/2025 22:45:36 - INFO - __main__ -   Loading features from cached file /proj/cos568proj2-PG0/glue_data/RTE/cached_dev_bert-base-cased_128_rte
03/23/2025 22:45:36 - INFO - __main__ -   ***** Running evaluation  *****
03/23/2025 22:45:36 - INFO - __main__ -     Num examples = 277
03/23/2025 22:45:36 - INFO - __main__ -     Batch size = 8
03/23/2025 22:45:37 - INFO - __main__ -   loss: 0.5902550220489502
03/23/2025 22:45:37 - INFO - __main__ -   loss: 0.6235178112983704
03/23/2025 22:45:37 - INFO - __main__ -   loss: 0.5688550472259521
03/23/2025 22:45:38 - INFO - __main__ -   loss: 0.779183566570282
03/23/2025 22:45:38 - INFO - __main__ -   loss: 0.7337923049926758
03/23/2025 22:45:39 - INFO - __main__ -   loss: 0.8774619698524475
03/23/2025 22:45:39 - INFO - __main__ -   loss: 0.7743881940841675
03/23/2025 22:45:39 - INFO - __main__ -   loss: 0.5138541460037231
03/23/2025 22:45:40 - INFO - __main__ -   loss: 0.7359511256217957
03/23/2025 22:45:40 - INFO - __main__ -   loss: 0.7984781265258789
03/23/2025 22:45:41 - INFO - __main__ -   loss: 0.8596636056900024
03/23/2025 22:45:41 - INFO - __main__ -   loss: 0.8323712944984436
03/23/2025 22:45:41 - INFO - __main__ -   loss: 0.5909862518310547
03/23/2025 22:45:42 - INFO - __main__ -   loss: 0.5284613370895386
03/23/2025 22:45:42 - INFO - __main__ -   loss: 0.46275457739830017
03/23/2025 22:45:42 - INFO - __main__ -   loss: 1.0032705068588257
03/23/2025 22:45:43 - INFO - __main__ -   loss: 0.46633902192115784
03/23/2025 22:45:43 - INFO - __main__ -   loss: 0.6926580667495728
03/23/2025 22:45:43 - INFO - __main__ -   loss: 0.5892700552940369
03/23/2025 22:45:44 - INFO - __main__ -   loss: 0.4336897134780884
03/23/2025 22:45:44 - INFO - __main__ -   loss: 0.8786597847938538
03/23/2025 22:45:45 - INFO - __main__ -   loss: 0.5930057168006897
03/23/2025 22:45:45 - INFO - __main__ -   loss: 0.43425455689430237
03/23/2025 22:45:45 - INFO - __main__ -   loss: 0.5603792071342468
03/23/2025 22:45:46 - INFO - __main__ -   loss: 0.8232507705688477
03/23/2025 22:45:46 - INFO - __main__ -   loss: 0.7250385284423828
03/23/2025 22:45:46 - INFO - __main__ -   loss: 0.7339166402816772
03/23/2025 22:45:47 - INFO - __main__ -   loss: 0.7503573894500732
03/23/2025 22:45:47 - INFO - __main__ -   loss: 0.4490830898284912
03/23/2025 22:45:48 - INFO - __main__ -   loss: 0.8564492464065552
03/23/2025 22:45:48 - INFO - __main__ -   loss: 0.862289547920227
03/23/2025 22:45:48 - INFO - __main__ -   loss: 0.6488516926765442
03/23/2025 22:45:49 - INFO - __main__ -   loss: 0.45892977714538574
03/23/2025 22:45:49 - INFO - __main__ -   loss: 0.5675179958343506
03/23/2025 22:45:49 - INFO - __main__ -   loss: 0.5104066133499146
03/23/2025 22:45:49 - INFO - __main__ -   ***** Eval results  *****
03/23/2025 22:45:49 - INFO - __main__ -     acc = 0.6209386281588448
