03/24/2025 01:58:50 - WARNING - __main__ -   Process rank: 2, device: cpu, distributed training: True, 16-bits training: False
03/24/2025 01:58:59 - INFO - pytorch_transformers.modeling_utils -   loading configuration file https://s3.amazonaws.com/models.huggingface.co/bert/bert-base-cased-config.json from cache at /users/yc6206/.cache/torch/pytorch_transformers/b945b69218e98b3e2c95acf911789741307dec43c698d35fad11c1ae28bda352.9da767be51e1327499df13488672789394e2ca38b877837e52618a67d7002391
03/24/2025 01:58:59 - INFO - pytorch_transformers.modeling_utils -   Model config {
  "architectures": [
    "BertForMaskedLM"
  ],
  "attention_probs_dropout_prob": 0.1,
  "finetuning_task": "rte",
  "hidden_act": "gelu",
  "hidden_dropout_prob": 0.1,
  "hidden_size": 768,
  "initializer_range": 0.02,
  "intermediate_size": 3072,
  "layer_norm_eps": 1e-12,
  "max_position_embeddings": 512,
  "model_type": "bert",
  "num_attention_heads": 12,
  "num_hidden_layers": 12,
  "num_labels": 2,
  "output_attentions": false,
  "output_hidden_states": false,
  "pad_token_id": 0,
  "pruned_heads": {},
  "torchscript": false,
  "type_vocab_size": 2,
  "vocab_size": 28996
}

03/24/2025 01:58:59 - INFO - pytorch_transformers.tokenization_utils -   loading file https://s3.amazonaws.com/models.huggingface.co/bert/bert-base-cased-vocab.txt from cache at /users/yc6206/.cache/torch/pytorch_transformers/5e8a2b4893d13790ed4150ca1906be5f7a03d6c4ddf62296c383f6db42814db2.e13dbb970cb325137104fb2e5f36fe865f27746c6b526f6352861b1980eb80b1
03/24/2025 01:59:00 - INFO - pytorch_transformers.modeling_utils -   loading weights file https://s3.amazonaws.com/models.huggingface.co/bert/bert-base-cased-pytorch_model.bin from cache at /users/yc6206/.cache/torch/pytorch_transformers/35d8b9d36faaf46728a0192d82bf7d00137490cd6074e8500778afed552a67e5.3fadbea36527ae472139fe84cddaa65454d7429f12d543d80bfc3ad70de55ac2
03/24/2025 01:59:08 - INFO - pytorch_transformers.modeling_utils -   Weights of BertForSequenceClassification not initialized from pretrained model: ['classifier.weight', 'classifier.bias']
03/24/2025 01:59:08 - INFO - pytorch_transformers.modeling_utils -   Weights from pretrained model not used in BertForSequenceClassification: ['cls.predictions.bias', 'cls.predictions.transform.dense.weight', 'cls.predictions.transform.dense.bias', 'cls.predictions.decoder.weight', 'cls.seq_relationship.weight', 'cls.seq_relationship.bias', 'cls.predictions.transform.LayerNorm.weight', 'cls.predictions.transform.LayerNorm.bias']
03/24/2025 01:59:08 - INFO - __main__ -   Training/evaluation parameters Namespace(data_dir='/proj/cos568proj2-PG0/glue_data/RTE', model_type='bert', model_name_or_path='bert-base-cased', task_name='rte', output_dir='/tmp/RTE/', config_name='', tokenizer_name='', cache_dir='', max_seq_length=128, do_train=True, do_eval=True, do_lower_case=False, per_device_train_batch_size=16, per_device_eval_batch_size=8, gradient_accumulation_steps=1, learning_rate=2e-05, weight_decay=0.0, adam_epsilon=1e-08, max_grad_norm=1.0, num_train_epochs=1.0, max_steps=-1, warmup_steps=0, no_cuda=False, overwrite_output_dir=True, overwrite_cache=False, seed=42, fp16=False, fp16_opt_level='O1', local_rank=2, master_ip='128.105.144.114', master_port='12345', world_size=4, device=device(type='cpu'), n_gpu=0, output_mode='classification')
03/24/2025 01:59:09 - INFO - __main__ -   Loading features from cached file /proj/cos568proj2-PG0/glue_data/RTE/cached_train_bert-base-cased_128_rte
03/24/2025 01:59:11 - INFO - __main__ -   ***** Running training *****
03/24/2025 01:59:11 - INFO - __main__ -     Num examples = 2490
03/24/2025 01:59:11 - INFO - __main__ -     Num Epochs = 1
03/24/2025 01:59:11 - INFO - __main__ -     Instantaneous batch size per device = 16
03/24/2025 01:59:11 - INFO - __main__ -     Total train batch size (w. parallel, distributed & accumulation) = 64
03/24/2025 01:59:11 - INFO - __main__ -     Gradient Accumulation steps = 1
03/24/2025 01:59:11 - INFO - __main__ -     Total optimization steps = 156
03/24/2025 01:59:19 - INFO - __main__ -   Time: 8.262789349999366
03/24/2025 01:59:28 - INFO - __main__ -   Time: 8.695739331000368
03/24/2025 01:59:36 - INFO - __main__ -   Time: 8.026362592998339
03/24/2025 01:59:44 - INFO - __main__ -   Time: 7.9766582590018515
03/24/2025 01:59:50 - INFO - __main__ -   Time: 6.928807719999895
03/24/2025 01:59:57 - INFO - __main__ -   Time: 6.459776779996901
03/24/2025 02:00:04 - INFO - __main__ -   Time: 7.258521980998921
03/24/2025 02:00:11 - INFO - __main__ -   Time: 6.379124241000682
03/24/2025 02:00:17 - INFO - __main__ -   Time: 6.369217485000263
03/24/2025 02:00:23 - INFO - __main__ -   Time: 6.2681138400002965
03/24/2025 02:00:30 - INFO - __main__ -   Time: 6.421916556002543
03/24/2025 02:00:36 - INFO - __main__ -   Time: 6.36230036300185
03/24/2025 02:00:44 - INFO - __main__ -   Time: 7.5488984909970895
03/24/2025 02:00:50 - INFO - __main__ -   Time: 6.845653634001792
03/24/2025 02:00:56 - INFO - __main__ -   Time: 6.081021889000112
03/24/2025 02:01:03 - INFO - __main__ -   Time: 6.416523974003212
03/24/2025 02:01:09 - INFO - __main__ -   Time: 6.578246459001093
03/24/2025 02:01:16 - INFO - __main__ -   Time: 6.383513864999259
03/24/2025 02:01:23 - INFO - __main__ -   Time: 6.876563167999848
03/24/2025 02:01:30 - INFO - __main__ -   Time: 7.505492552998476
03/24/2025 02:01:37 - INFO - __main__ -   Time: 7.1422161490008875
03/24/2025 02:01:44 - INFO - __main__ -   Time: 6.298747010998341
03/24/2025 02:01:50 - INFO - __main__ -   Time: 6.406847329999437
03/24/2025 02:01:58 - INFO - __main__ -   Time: 7.533354500999849
03/24/2025 02:02:04 - INFO - __main__ -   Time: 6.681660281999939
03/24/2025 02:02:11 - INFO - __main__ -   Time: 6.384544562999508
03/24/2025 02:02:17 - INFO - __main__ -   Time: 6.5373195270003635
03/24/2025 02:02:24 - INFO - __main__ -   Time: 6.343541948001075
03/24/2025 02:02:30 - INFO - __main__ -   Time: 6.2995338610016915
03/24/2025 02:02:36 - INFO - __main__ -   Time: 6.59643264099941
03/24/2025 02:02:43 - INFO - __main__ -   Time: 6.5030830499999865
03/24/2025 02:02:49 - INFO - __main__ -   Time: 6.152906330997212
03/24/2025 02:02:55 - INFO - __main__ -   Time: 6.11160299799667
03/24/2025 02:03:01 - INFO - __main__ -   Time: 6.150200619002135
03/24/2025 02:03:08 - INFO - __main__ -   Time: 6.237406981003005
03/24/2025 02:03:14 - INFO - __main__ -   Time: 6.239830935999635
03/24/2025 02:03:20 - INFO - __main__ -   Time: 6.4453174760019465
03/24/2025 02:03:26 - INFO - __main__ -   Time: 6.074375619999046
03/24/2025 02:03:33 - INFO - __main__ -   Time: 6.0954991950020485
03/24/2025 02:03:39 - INFO - __main__ -   Time: 6.138511406999896
03/24/2025 02:03:45 - INFO - __main__ -   Time: 6.413479087997985
03/24/2025 02:03:51 - INFO - __main__ -   Time: 6.328569551998953
03/24/2025 02:03:58 - INFO - __main__ -   Time: 6.426910351001425
03/24/2025 02:04:05 - INFO - __main__ -   Time: 7.0202930539999215
03/24/2025 02:04:11 - INFO - __main__ -   Time: 6.461921842997981
03/24/2025 02:04:18 - INFO - __main__ -   Time: 6.374543739999353
03/24/2025 02:04:24 - INFO - __main__ -   Time: 6.234662495000521
03/24/2025 02:04:30 - INFO - __main__ -   Time: 6.091702355999587
03/24/2025 02:04:36 - INFO - __main__ -   Time: 6.479214653001691
03/24/2025 02:04:43 - INFO - __main__ -   Time: 6.2853512019974005
03/24/2025 02:04:49 - INFO - __main__ -   Time: 6.14614773699941
03/24/2025 02:04:55 - INFO - __main__ -   Time: 6.417421503996593
03/24/2025 02:05:02 - INFO - __main__ -   Time: 6.220960440998169
03/24/2025 02:05:08 - INFO - __main__ -   Time: 6.482802327998797
03/24/2025 02:05:15 - INFO - __main__ -   Time: 6.463162255000498
03/24/2025 02:05:21 - INFO - __main__ -   Time: 6.66849633899983
03/24/2025 02:05:27 - INFO - __main__ -   Time: 6.201601570999628
03/24/2025 02:05:34 - INFO - __main__ -   Time: 6.172607652002625
03/24/2025 02:05:40 - INFO - __main__ -   Time: 6.182074357999227
03/24/2025 02:05:46 - INFO - __main__ -   Time: 6.477909786000964
03/24/2025 02:05:52 - INFO - __main__ -   Time: 6.2497122200002195
03/24/2025 02:05:59 - INFO - __main__ -   Time: 6.7839568390008935
03/24/2025 02:06:06 - INFO - __main__ -   Time: 6.338456333000067
03/24/2025 02:06:12 - INFO - __main__ -   Time: 6.2240455339997425
03/24/2025 02:06:18 - INFO - __main__ -   Time: 6.17213927299963
03/24/2025 02:06:24 - INFO - __main__ -   Time: 6.159899083999335
03/24/2025 02:06:31 - INFO - __main__ -   Time: 6.341666446998715
03/24/2025 02:06:37 - INFO - __main__ -   Time: 6.2117016350021
03/24/2025 02:06:43 - INFO - __main__ -   Time: 6.139992513999459
03/24/2025 02:06:49 - INFO - __main__ -   Time: 6.205567287997837
03/24/2025 02:06:55 - INFO - __main__ -   Time: 6.364157645999512
03/24/2025 02:07:02 - INFO - __main__ -   Time: 6.50466844499897
03/24/2025 02:07:08 - INFO - __main__ -   Time: 6.44900209700063
03/24/2025 02:07:15 - INFO - __main__ -   Time: 6.491876351999963
03/24/2025 02:07:21 - INFO - __main__ -   Time: 6.442692026001168
03/24/2025 02:07:28 - INFO - __main__ -   Time: 6.309999080000125
03/24/2025 02:07:34 - INFO - __main__ -   Time: 6.237798976999329
03/24/2025 02:07:40 - INFO - __main__ -   Time: 6.2112033249977685
03/24/2025 02:07:46 - INFO - __main__ -   Time: 6.231891341001756
03/24/2025 02:07:53 - INFO - __main__ -   Time: 6.371322244998737
03/24/2025 02:07:59 - INFO - __main__ -   Time: 6.396461383999849
03/24/2025 02:08:06 - INFO - __main__ -   Time: 6.474273407002329
03/24/2025 02:08:12 - INFO - __main__ -   Time: 6.344747230003122
03/24/2025 02:08:18 - INFO - __main__ -   Time: 6.4353240380005445
03/24/2025 02:08:25 - INFO - __main__ -   Time: 6.397093477000453
03/24/2025 02:08:31 - INFO - __main__ -   Time: 6.221552678001899
03/24/2025 02:08:38 - INFO - __main__ -   Time: 6.552232722999179
03/24/2025 02:08:44 - INFO - __main__ -   Time: 6.1378692029975355
03/24/2025 02:08:50 - INFO - __main__ -   Time: 6.146839044999069
03/24/2025 02:08:56 - INFO - __main__ -   Time: 6.318377645002329
03/24/2025 02:09:02 - INFO - __main__ -   Time: 6.28082389300107
03/24/2025 02:09:08 - INFO - __main__ -   Time: 6.076977467000688
03/24/2025 02:09:15 - INFO - __main__ -   Time: 6.066826858997956
03/24/2025 02:09:21 - INFO - __main__ -   Time: 6.2040488489983545
03/24/2025 02:09:27 - INFO - __main__ -   Time: 6.672296730997914
03/24/2025 02:09:34 - INFO - __main__ -   Time: 6.168918940002186
03/24/2025 02:09:40 - INFO - __main__ -   Time: 6.209165441003279
03/24/2025 02:09:46 - INFO - __main__ -   Time: 6.419602706002479
03/24/2025 02:09:53 - INFO - __main__ -   Time: 6.469569158001832
03/24/2025 02:09:59 - INFO - __main__ -   Time: 6.183923972999764
03/24/2025 02:10:05 - INFO - __main__ -   Time: 6.548467240001628
03/24/2025 02:10:12 - INFO - __main__ -   Time: 6.407987503000186
03/24/2025 02:10:18 - INFO - __main__ -   Time: 6.266769199999544
03/24/2025 02:10:24 - INFO - __main__ -   Time: 6.197988764000911
03/24/2025 02:10:30 - INFO - __main__ -   Time: 6.14848007999899
03/24/2025 02:10:37 - INFO - __main__ -   Time: 6.516793406000943
03/24/2025 02:10:43 - INFO - __main__ -   Time: 6.40509372300221
03/24/2025 02:10:49 - INFO - __main__ -   Time: 6.003139488002489
03/24/2025 02:10:56 - INFO - __main__ -   Time: 6.193265470999904
03/24/2025 02:11:02 - INFO - __main__ -   Time: 6.030232912999054
03/24/2025 02:11:08 - INFO - __main__ -   Time: 6.549279774997558
03/24/2025 02:11:14 - INFO - __main__ -   Time: 6.308589898999344
03/24/2025 02:11:21 - INFO - __main__ -   Time: 6.225361325003178
03/24/2025 02:11:27 - INFO - __main__ -   Time: 6.322075127001881
03/24/2025 02:11:33 - INFO - __main__ -   Time: 6.207822331998614
03/24/2025 02:11:39 - INFO - __main__ -   Time: 6.223488597999676
03/24/2025 02:11:46 - INFO - __main__ -   Time: 6.1740440869980375
03/24/2025 02:11:52 - INFO - __main__ -   Time: 6.300898744000733
03/24/2025 02:11:59 - INFO - __main__ -   Time: 7.051838101000612
03/24/2025 02:12:06 - INFO - __main__ -   Time: 7.210869258000457
03/24/2025 02:12:13 - INFO - __main__ -   Time: 6.8635783690006065
03/24/2025 02:12:20 - INFO - __main__ -   Time: 7.169955933997699
03/24/2025 02:12:27 - INFO - __main__ -   Time: 6.311436328000127
03/24/2025 02:12:33 - INFO - __main__ -   Time: 6.335323174000223
03/24/2025 02:12:39 - INFO - __main__ -   Time: 6.343293669997365
03/24/2025 02:12:46 - INFO - __main__ -   Time: 6.401460965000297
03/24/2025 02:12:52 - INFO - __main__ -   Time: 6.410733265998715
03/24/2025 02:12:58 - INFO - __main__ -   Time: 6.317507456002204
03/24/2025 02:13:05 - INFO - __main__ -   Time: 6.360780389997672
03/24/2025 02:13:11 - INFO - __main__ -   Time: 6.462900743998034
03/24/2025 02:13:17 - INFO - __main__ -   Time: 6.084660636999615
03/24/2025 02:13:23 - INFO - __main__ -   Time: 6.193907352000679
03/24/2025 02:13:30 - INFO - __main__ -   Time: 6.417964044001565
03/24/2025 02:13:37 - INFO - __main__ -   Time: 6.834939691001637
03/24/2025 02:13:43 - INFO - __main__ -   Time: 6.101131400999293
03/24/2025 02:13:49 - INFO - __main__ -   Time: 6.163930048998736
03/24/2025 02:13:56 - INFO - __main__ -   Time: 6.4983110439970915
03/24/2025 02:14:02 - INFO - __main__ -   Time: 6.174463287003164
03/24/2025 02:14:08 - INFO - __main__ -   Time: 6.334604325002147
03/24/2025 02:14:14 - INFO - __main__ -   Time: 6.094496492998587
03/24/2025 02:14:20 - INFO - __main__ -   Time: 6.193310408998514
03/24/2025 02:14:27 - INFO - __main__ -   Time: 6.298708141999668
03/24/2025 02:14:33 - INFO - __main__ -   Time: 6.1069071239980985
03/24/2025 02:14:39 - INFO - __main__ -   Time: 6.126641511000344
03/24/2025 02:14:45 - INFO - __main__ -   Time: 6.054139980999025
03/24/2025 02:14:51 - INFO - __main__ -   Time: 6.175241114000528
03/24/2025 02:14:57 - INFO - __main__ -   Time: 6.2060476660008135
03/24/2025 02:15:03 - INFO - __main__ -   Time: 6.025031129000126
03/24/2025 02:15:09 - INFO - __main__ -   Time: 6.136916831001145
03/24/2025 02:15:16 - INFO - __main__ -   Time: 6.068357481002749
03/24/2025 02:15:23 - INFO - __main__ -   Time: 6.996111861000827
03/24/2025 02:15:30 - INFO - __main__ -   Time: 7.254491847001191
03/24/2025 02:15:37 - INFO - __main__ -   Time: 6.970221519997722
03/24/2025 02:15:43 - INFO - __main__ -   Time: 6.3404634070029715
03/24/2025 02:15:49 - INFO - __main__ -   Time: 6.336374645001342
03/24/2025 02:15:55 - INFO - __main__ -   Time: 5.507724317001703
03/24/2025 02:15:55 - INFO - __main__ -   Loading features from cached file /proj/cos568proj2-PG0/glue_data/RTE/cached_dev_bert-base-cased_128_rte
03/24/2025 02:15:55 - INFO - __main__ -   ***** Running evaluation  *****
03/24/2025 02:15:55 - INFO - __main__ -     Num examples = 277
03/24/2025 02:15:55 - INFO - __main__ -     Batch size = 8
03/24/2025 02:15:55 - INFO - __main__ -   loss: 0.648876428604126
03/24/2025 02:15:56 - INFO - __main__ -   loss: 0.5975875854492188
03/24/2025 02:15:56 - INFO - __main__ -   loss: 0.5434839725494385
03/24/2025 02:15:56 - INFO - __main__ -   loss: 0.7045164704322815
03/24/2025 02:15:57 - INFO - __main__ -   loss: 0.656229555606842
03/24/2025 02:15:57 - INFO - __main__ -   loss: 0.7119752168655396
03/24/2025 02:15:57 - INFO - __main__ -   loss: 0.6756011247634888
03/24/2025 02:15:58 - INFO - __main__ -   loss: 0.6247364282608032
03/24/2025 02:15:58 - INFO - __main__ -   loss: 0.6288520097732544
03/24/2025 02:15:59 - INFO - __main__ -   loss: 0.7324084639549255
03/24/2025 02:15:59 - INFO - __main__ -   loss: 0.6926819086074829
03/24/2025 02:15:59 - INFO - __main__ -   loss: 0.7393113374710083
03/24/2025 02:16:00 - INFO - __main__ -   loss: 0.683996856212616
03/24/2025 02:16:00 - INFO - __main__ -   loss: 0.5617175698280334
03/24/2025 02:16:00 - INFO - __main__ -   loss: 0.5680902600288391
03/24/2025 02:16:01 - INFO - __main__ -   loss: 0.8709831237792969
03/24/2025 02:16:01 - INFO - __main__ -   loss: 0.5157953500747681
03/24/2025 02:16:01 - INFO - __main__ -   loss: 0.6426916718482971
03/24/2025 02:16:02 - INFO - __main__ -   loss: 0.6345010995864868
03/24/2025 02:16:02 - INFO - __main__ -   loss: 0.5147404670715332
03/24/2025 02:16:02 - INFO - __main__ -   loss: 0.8040615916252136
03/24/2025 02:16:03 - INFO - __main__ -   loss: 0.6196429133415222
03/24/2025 02:16:03 - INFO - __main__ -   loss: 0.5846084356307983
03/24/2025 02:16:03 - INFO - __main__ -   loss: 0.5989298820495605
03/24/2025 02:16:04 - INFO - __main__ -   loss: 0.6715002655982971
03/24/2025 02:16:04 - INFO - __main__ -   loss: 0.6554461121559143
03/24/2025 02:16:04 - INFO - __main__ -   loss: 0.7228294610977173
03/24/2025 02:16:05 - INFO - __main__ -   loss: 0.6860559582710266
03/24/2025 02:16:05 - INFO - __main__ -   loss: 0.5000272989273071
03/24/2025 02:16:05 - INFO - __main__ -   loss: 0.7900958061218262
03/24/2025 02:16:06 - INFO - __main__ -   loss: 0.7040966153144836
03/24/2025 02:16:06 - INFO - __main__ -   loss: 0.6535100936889648
03/24/2025 02:16:06 - INFO - __main__ -   loss: 0.5616484880447388
03/24/2025 02:16:07 - INFO - __main__ -   loss: 0.5945441126823425
03/24/2025 02:16:07 - INFO - __main__ -   loss: 0.5760350227355957
