03/24/2025 01:58:50 - WARNING - __main__ -   Process rank: 0, device: cpu, distributed training: True, 16-bits training: False
03/24/2025 01:58:50 - INFO - pytorch_transformers.modeling_utils -   loading configuration file https://s3.amazonaws.com/models.huggingface.co/bert/bert-base-cased-config.json from cache at /users/yc6206/.cache/torch/pytorch_transformers/b945b69218e98b3e2c95acf911789741307dec43c698d35fad11c1ae28bda352.9da767be51e1327499df13488672789394e2ca38b877837e52618a67d7002391
03/24/2025 01:58:50 - INFO - pytorch_transformers.modeling_utils -   Model config {
  "architectures": [
    "BertForMaskedLM"
  ],
  "attention_probs_dropout_prob": 0.1,
  "finetuning_task": "rte",
  "hidden_act": "gelu",
  "hidden_dropout_prob": 0.1,
  "hidden_size": 768,
  "initializer_range": 0.02,
  "intermediate_size": 3072,
  "layer_norm_eps": 1e-12,
  "max_position_embeddings": 512,
  "model_type": "bert",
  "num_attention_heads": 12,
  "num_hidden_layers": 12,
  "num_labels": 2,
  "output_attentions": false,
  "output_hidden_states": false,
  "pad_token_id": 0,
  "pruned_heads": {},
  "torchscript": false,
  "type_vocab_size": 2,
  "vocab_size": 28996
}

03/24/2025 01:58:50 - INFO - pytorch_transformers.tokenization_utils -   loading file https://s3.amazonaws.com/models.huggingface.co/bert/bert-base-cased-vocab.txt from cache at /users/yc6206/.cache/torch/pytorch_transformers/5e8a2b4893d13790ed4150ca1906be5f7a03d6c4ddf62296c383f6db42814db2.e13dbb970cb325137104fb2e5f36fe865f27746c6b526f6352861b1980eb80b1
03/24/2025 01:58:50 - INFO - pytorch_transformers.modeling_utils -   loading weights file https://s3.amazonaws.com/models.huggingface.co/bert/bert-base-cased-pytorch_model.bin from cache at /users/yc6206/.cache/torch/pytorch_transformers/35d8b9d36faaf46728a0192d82bf7d00137490cd6074e8500778afed552a67e5.3fadbea36527ae472139fe84cddaa65454d7429f12d543d80bfc3ad70de55ac2
03/24/2025 01:58:59 - INFO - pytorch_transformers.modeling_utils -   Weights of BertForSequenceClassification not initialized from pretrained model: ['classifier.weight', 'classifier.bias']
03/24/2025 01:58:59 - INFO - pytorch_transformers.modeling_utils -   Weights from pretrained model not used in BertForSequenceClassification: ['cls.predictions.bias', 'cls.predictions.transform.dense.weight', 'cls.predictions.transform.dense.bias', 'cls.predictions.decoder.weight', 'cls.seq_relationship.weight', 'cls.seq_relationship.bias', 'cls.predictions.transform.LayerNorm.weight', 'cls.predictions.transform.LayerNorm.bias']
03/24/2025 01:58:59 - INFO - __main__ -   Training/evaluation parameters Namespace(data_dir='/proj/cos568proj2-PG0/glue_data/RTE', model_type='bert', model_name_or_path='bert-base-cased', task_name='rte', output_dir='/tmp/RTE/', config_name='', tokenizer_name='', cache_dir='', max_seq_length=128, do_train=True, do_eval=True, do_lower_case=False, per_device_train_batch_size=16, per_device_eval_batch_size=8, gradient_accumulation_steps=1, learning_rate=2e-05, weight_decay=0.0, adam_epsilon=1e-08, max_grad_norm=1.0, num_train_epochs=1.0, max_steps=-1, warmup_steps=0, no_cuda=False, overwrite_output_dir=True, overwrite_cache=False, seed=42, fp16=False, fp16_opt_level='O1', local_rank=0, master_ip='128.105.144.114', master_port='12345', world_size=4, device=device(type='cpu'), n_gpu=0, output_mode='classification')
03/24/2025 01:58:59 - INFO - __main__ -   Loading features from cached file /proj/cos568proj2-PG0/glue_data/RTE/cached_train_bert-base-cased_128_rte
03/24/2025 01:59:10 - INFO - __main__ -   ***** Running training *****
03/24/2025 01:59:10 - INFO - __main__ -     Num examples = 2490
03/24/2025 01:59:10 - INFO - __main__ -     Num Epochs = 1
03/24/2025 01:59:10 - INFO - __main__ -     Instantaneous batch size per device = 16
03/24/2025 01:59:10 - INFO - __main__ -     Total train batch size (w. parallel, distributed & accumulation) = 64
03/24/2025 01:59:10 - INFO - __main__ -     Gradient Accumulation steps = 1
03/24/2025 01:59:10 - INFO - __main__ -     Total optimization steps = 156
03/24/2025 01:59:19 - INFO - __main__ -   Time: 8.577355846999126
03/24/2025 01:59:28 - INFO - __main__ -   Time: 8.752103045000695
03/24/2025 01:59:36 - INFO - __main__ -   Time: 8.004033436001919
03/24/2025 01:59:44 - INFO - __main__ -   Time: 7.971611048997147
03/24/2025 01:59:51 - INFO - __main__ -   Time: 6.794040562999726
03/24/2025 01:59:57 - INFO - __main__ -   Time: 6.6166086140001426
03/24/2025 02:00:04 - INFO - __main__ -   Time: 7.105451985997206
03/24/2025 02:00:11 - INFO - __main__ -   Time: 6.399945059998572
03/24/2025 02:00:17 - INFO - __main__ -   Time: 6.394870318999892
03/24/2025 02:00:23 - INFO - __main__ -   Time: 6.218358002999594
03/24/2025 02:00:30 - INFO - __main__ -   Time: 6.434566885000095
03/24/2025 02:00:36 - INFO - __main__ -   Time: 6.341116203999263
03/24/2025 02:00:44 - INFO - __main__ -   Time: 7.572241603000293
03/24/2025 02:00:50 - INFO - __main__ -   Time: 6.81958329400004
03/24/2025 02:00:57 - INFO - __main__ -   Time: 6.089797267002723
03/24/2025 02:01:03 - INFO - __main__ -   Time: 6.487000708999403
03/24/2025 02:01:10 - INFO - __main__ -   Time: 6.508018626998819
03/24/2025 02:01:16 - INFO - __main__ -   Time: 6.391184022999369
03/24/2025 02:01:23 - INFO - __main__ -   Time: 6.911070971000299
03/24/2025 02:01:30 - INFO - __main__ -   Time: 7.535570302999986
03/24/2025 02:01:37 - INFO - __main__ -   Time: 7.058017463001306
03/24/2025 02:01:44 - INFO - __main__ -   Time: 6.312224590998085
03/24/2025 02:01:50 - INFO - __main__ -   Time: 6.468229999001778
03/24/2025 02:01:58 - INFO - __main__ -   Time: 7.613520308001171
03/24/2025 02:02:04 - INFO - __main__ -   Time: 6.564994255000784
03/24/2025 02:02:11 - INFO - __main__ -   Time: 6.342283694000798
03/24/2025 02:02:17 - INFO - __main__ -   Time: 6.536686830997496
03/24/2025 02:02:24 - INFO - __main__ -   Time: 6.334780417000729
03/24/2025 02:02:30 - INFO - __main__ -   Time: 6.3214130330015905
03/24/2025 02:02:37 - INFO - __main__ -   Time: 6.621254685000167
03/24/2025 02:02:43 - INFO - __main__ -   Time: 6.475943039000413
03/24/2025 02:02:49 - INFO - __main__ -   Time: 6.123790155001188
03/24/2025 02:02:55 - INFO - __main__ -   Time: 6.119971045998682
03/24/2025 02:03:01 - INFO - __main__ -   Time: 6.167311905999668
03/24/2025 02:03:08 - INFO - __main__ -   Time: 6.255690866000805
03/24/2025 02:03:14 - INFO - __main__ -   Time: 6.249348705998273
03/24/2025 02:03:20 - INFO - __main__ -   Time: 6.395325404002506
03/24/2025 02:03:26 - INFO - __main__ -   Time: 6.0738928859973385
03/24/2025 02:03:33 - INFO - __main__ -   Time: 6.096386019999045
03/24/2025 02:03:39 - INFO - __main__ -   Time: 6.1413616690006165
03/24/2025 02:03:45 - INFO - __main__ -   Time: 6.435266885000601
03/24/2025 02:03:51 - INFO - __main__ -   Time: 6.339493603998562
03/24/2025 02:03:58 - INFO - __main__ -   Time: 6.421495626000251
03/24/2025 02:04:05 - INFO - __main__ -   Time: 7.079677615001856
03/24/2025 02:04:11 - INFO - __main__ -   Time: 6.392885977998958
03/24/2025 02:04:18 - INFO - __main__ -   Time: 6.371032369999739
03/24/2025 02:04:24 - INFO - __main__ -   Time: 6.192454447998898
03/24/2025 02:04:30 - INFO - __main__ -   Time: 6.14565391799988
03/24/2025 02:04:37 - INFO - __main__ -   Time: 6.543376678997447
03/24/2025 02:04:43 - INFO - __main__ -   Time: 6.195519935001357
03/24/2025 02:04:49 - INFO - __main__ -   Time: 6.1716069859976415
03/24/2025 02:04:55 - INFO - __main__ -   Time: 6.405263134998677
03/24/2025 02:05:02 - INFO - __main__ -   Time: 6.235711792996881
03/24/2025 02:05:08 - INFO - __main__ -   Time: 6.446945355000935
03/24/2025 02:05:15 - INFO - __main__ -   Time: 6.4730373909987975
03/24/2025 02:05:21 - INFO - __main__ -   Time: 6.674948422001762
03/24/2025 02:05:27 - INFO - __main__ -   Time: 6.246445896998921
03/24/2025 02:05:34 - INFO - __main__ -   Time: 6.09797941099896
03/24/2025 02:05:40 - INFO - __main__ -   Time: 6.1934342329986976
03/24/2025 02:05:46 - INFO - __main__ -   Time: 6.4735862009983975
03/24/2025 02:05:53 - INFO - __main__ -   Time: 6.281914925999445
03/24/2025 02:05:59 - INFO - __main__ -   Time: 6.759063569999853
03/24/2025 02:06:06 - INFO - __main__ -   Time: 6.334089641000901
03/24/2025 02:06:12 - INFO - __main__ -   Time: 6.215028463000635
03/24/2025 02:06:18 - INFO - __main__ -   Time: 6.168418330998975
03/24/2025 02:06:24 - INFO - __main__ -   Time: 6.169621831002587
03/24/2025 02:06:31 - INFO - __main__ -   Time: 6.3353949379998085
03/24/2025 02:06:37 - INFO - __main__ -   Time: 6.202359741000691
03/24/2025 02:06:43 - INFO - __main__ -   Time: 6.148814952000976
03/24/2025 02:06:49 - INFO - __main__ -   Time: 6.219129356999474
03/24/2025 02:06:56 - INFO - __main__ -   Time: 6.418758060000982
03/24/2025 02:07:02 - INFO - __main__ -   Time: 6.544300182998995
03/24/2025 02:07:08 - INFO - __main__ -   Time: 6.346382966999954
03/24/2025 02:07:15 - INFO - __main__ -   Time: 6.51715050599887
03/24/2025 02:07:21 - INFO - __main__ -   Time: 6.416779956998653
03/24/2025 02:07:28 - INFO - __main__ -   Time: 6.290466950998962
03/24/2025 02:07:34 - INFO - __main__ -   Time: 6.2636220259992115
03/24/2025 02:07:40 - INFO - __main__ -   Time: 6.210805959002755
03/24/2025 02:07:46 - INFO - __main__ -   Time: 6.239054966998083
03/24/2025 02:07:53 - INFO - __main__ -   Time: 6.36818738799775
03/24/2025 02:07:59 - INFO - __main__ -   Time: 6.447214340998471
03/24/2025 02:08:06 - INFO - __main__ -   Time: 6.43320731300264
03/24/2025 02:08:12 - INFO - __main__ -   Time: 6.367778147003264
03/24/2025 02:08:18 - INFO - __main__ -   Time: 6.386634679998679
03/24/2025 02:08:25 - INFO - __main__ -   Time: 6.398124334999011
03/24/2025 02:08:31 - INFO - __main__ -   Time: 6.235704017999524
03/24/2025 02:08:38 - INFO - __main__ -   Time: 6.517935211999429
03/24/2025 02:08:44 - INFO - __main__ -   Time: 6.144400832999963
03/24/2025 02:08:50 - INFO - __main__ -   Time: 6.154769999000564
03/24/2025 02:08:56 - INFO - __main__ -   Time: 6.309252605999063
03/24/2025 02:09:02 - INFO - __main__ -   Time: 6.278537477002828
03/24/2025 02:09:08 - INFO - __main__ -   Time: 6.0610176869995485
03/24/2025 02:09:15 - INFO - __main__ -   Time: 6.100110291001329
03/24/2025 02:09:21 - INFO - __main__ -   Time: 6.308954166001058
03/24/2025 02:09:27 - INFO - __main__ -   Time: 6.560607937997702
03/24/2025 02:09:34 - INFO - __main__ -   Time: 6.178266940001777
03/24/2025 02:09:40 - INFO - __main__ -   Time: 6.24254553100036
03/24/2025 02:09:46 - INFO - __main__ -   Time: 6.380301495999447
03/24/2025 02:09:53 - INFO - __main__ -   Time: 6.469765650999761
03/24/2025 02:09:59 - INFO - __main__ -   Time: 6.193023348001589
03/24/2025 02:10:05 - INFO - __main__ -   Time: 6.528768143001798
03/24/2025 02:10:12 - INFO - __main__ -   Time: 6.407135013003426
03/24/2025 02:10:18 - INFO - __main__ -   Time: 6.252296819999174
03/24/2025 02:10:24 - INFO - __main__ -   Time: 6.199279561998992
03/24/2025 02:10:31 - INFO - __main__ -   Time: 6.1643420410000545
03/24/2025 02:10:37 - INFO - __main__ -   Time: 6.564148892000958
03/24/2025 02:10:43 - INFO - __main__ -   Time: 6.339407632000075
03/24/2025 02:10:49 - INFO - __main__ -   Time: 6.0140043450010126
03/24/2025 02:10:56 - INFO - __main__ -   Time: 6.1955834699983825
03/24/2025 02:11:02 - INFO - __main__ -   Time: 6.044702708000841
03/24/2025 02:11:08 - INFO - __main__ -   Time: 6.559652126998117
03/24/2025 02:11:15 - INFO - __main__ -   Time: 6.273766438000166
03/24/2025 02:11:21 - INFO - __main__ -   Time: 6.340126316998067
03/24/2025 02:11:27 - INFO - __main__ -   Time: 6.233617852001771
03/24/2025 02:11:33 - INFO - __main__ -   Time: 6.188473595000687
03/24/2025 02:11:40 - INFO - __main__ -   Time: 6.230853007000405
03/24/2025 02:11:46 - INFO - __main__ -   Time: 6.168355220001104
03/24/2025 02:11:52 - INFO - __main__ -   Time: 6.360262113998033
03/24/2025 02:11:59 - INFO - __main__ -   Time: 6.9829636750000645
03/24/2025 02:12:06 - INFO - __main__ -   Time: 7.22700194799836
03/24/2025 02:12:13 - INFO - __main__ -   Time: 6.838553764002427
03/24/2025 02:12:20 - INFO - __main__ -   Time: 7.207262575000641
03/24/2025 02:12:27 - INFO - __main__ -   Time: 6.36590979200264
03/24/2025 02:12:33 - INFO - __main__ -   Time: 6.301478972996847
03/24/2025 02:12:39 - INFO - __main__ -   Time: 6.300279958999454
03/24/2025 02:12:46 - INFO - __main__ -   Time: 6.378793234998739
03/24/2025 02:12:52 - INFO - __main__ -   Time: 6.437145080999471
03/24/2025 02:12:58 - INFO - __main__ -   Time: 6.316809447002015
03/24/2025 02:13:05 - INFO - __main__ -   Time: 6.375186336998013
03/24/2025 02:13:11 - INFO - __main__ -   Time: 6.44977131899941
03/24/2025 02:13:17 - INFO - __main__ -   Time: 6.078640161002113
03/24/2025 02:13:23 - INFO - __main__ -   Time: 6.178083511000295
03/24/2025 02:13:30 - INFO - __main__ -   Time: 6.466236725002091
03/24/2025 02:13:37 - INFO - __main__ -   Time: 6.824221197002771
03/24/2025 02:13:43 - INFO - __main__ -   Time: 6.115419123998436
03/24/2025 02:13:49 - INFO - __main__ -   Time: 6.163730665000912
03/24/2025 02:13:56 - INFO - __main__ -   Time: 6.461977674996888
03/24/2025 02:14:02 - INFO - __main__ -   Time: 6.164990500998101
03/24/2025 02:14:08 - INFO - __main__ -   Time: 6.334510890999809
03/24/2025 02:14:14 - INFO - __main__ -   Time: 6.086798263000674
03/24/2025 02:14:20 - INFO - __main__ -   Time: 6.231508612003381
03/24/2025 02:14:27 - INFO - __main__ -   Time: 6.259055263002665
03/24/2025 02:14:33 - INFO - __main__ -   Time: 6.1021620639985485
03/24/2025 02:14:39 - INFO - __main__ -   Time: 6.14451021000059
03/24/2025 02:14:45 - INFO - __main__ -   Time: 6.0424788989985245
03/24/2025 02:14:51 - INFO - __main__ -   Time: 6.2000239279987
03/24/2025 02:14:57 - INFO - __main__ -   Time: 6.189135106000322
03/24/2025 02:15:03 - INFO - __main__ -   Time: 6.027769795000495
03/24/2025 02:15:10 - INFO - __main__ -   Time: 6.1604335970005195
03/24/2025 02:15:16 - INFO - __main__ -   Time: 6.037587776001601
03/24/2025 02:15:23 - INFO - __main__ -   Time: 6.9991058349987725
03/24/2025 02:15:30 - INFO - __main__ -   Time: 7.318694361998496
03/24/2025 02:15:37 - INFO - __main__ -   Time: 6.937772375997156
03/24/2025 02:15:43 - INFO - __main__ -   Time: 6.30983183400167
03/24/2025 02:15:49 - INFO - __main__ -   Time: 6.355588493999676
03/24/2025 02:15:55 - INFO - __main__ -   Time: 5.48416663199896
03/24/2025 02:15:55 - INFO - __main__ -   Loading features from cached file /proj/cos568proj2-PG0/glue_data/RTE/cached_dev_bert-base-cased_128_rte
03/24/2025 02:15:55 - INFO - __main__ -   ***** Running evaluation  *****
03/24/2025 02:15:55 - INFO - __main__ -     Num examples = 277
03/24/2025 02:15:55 - INFO - __main__ -     Batch size = 8
03/24/2025 02:15:55 - INFO - __main__ -   loss: 0.648876428604126
03/24/2025 02:15:56 - INFO - __main__ -   loss: 0.5975875854492188
03/24/2025 02:15:56 - INFO - __main__ -   loss: 0.5434839725494385
03/24/2025 02:15:57 - INFO - __main__ -   loss: 0.7045164704322815
03/24/2025 02:15:57 - INFO - __main__ -   loss: 0.656229555606842
03/24/2025 02:15:57 - INFO - __main__ -   loss: 0.7119752168655396
03/24/2025 02:15:58 - INFO - __main__ -   loss: 0.6756011247634888
03/24/2025 02:15:58 - INFO - __main__ -   loss: 0.6247364282608032
03/24/2025 02:15:59 - INFO - __main__ -   loss: 0.6288520097732544
03/24/2025 02:15:59 - INFO - __main__ -   loss: 0.7324084639549255
03/24/2025 02:16:00 - INFO - __main__ -   loss: 0.6926819086074829
03/24/2025 02:16:00 - INFO - __main__ -   loss: 0.7393113374710083
03/24/2025 02:16:01 - INFO - __main__ -   loss: 0.683996856212616
03/24/2025 02:16:01 - INFO - __main__ -   loss: 0.5617175698280334
03/24/2025 02:16:02 - INFO - __main__ -   loss: 0.5680902600288391
03/24/2025 02:16:02 - INFO - __main__ -   loss: 0.8709831237792969
03/24/2025 02:16:02 - INFO - __main__ -   loss: 0.5157953500747681
03/24/2025 02:16:03 - INFO - __main__ -   loss: 0.6426916718482971
03/24/2025 02:16:03 - INFO - __main__ -   loss: 0.6345010995864868
03/24/2025 02:16:04 - INFO - __main__ -   loss: 0.5147404670715332
03/24/2025 02:16:04 - INFO - __main__ -   loss: 0.8040615916252136
03/24/2025 02:16:04 - INFO - __main__ -   loss: 0.6196429133415222
03/24/2025 02:16:05 - INFO - __main__ -   loss: 0.5846084356307983
03/24/2025 02:16:05 - INFO - __main__ -   loss: 0.5989298820495605
03/24/2025 02:16:05 - INFO - __main__ -   loss: 0.6715002655982971
03/24/2025 02:16:06 - INFO - __main__ -   loss: 0.6554461121559143
03/24/2025 02:16:06 - INFO - __main__ -   loss: 0.7228294610977173
03/24/2025 02:16:07 - INFO - __main__ -   loss: 0.6860559582710266
03/24/2025 02:16:07 - INFO - __main__ -   loss: 0.5000272989273071
03/24/2025 02:16:07 - INFO - __main__ -   loss: 0.7900958061218262
03/24/2025 02:16:08 - INFO - __main__ -   loss: 0.7040966153144836
03/24/2025 02:16:08 - INFO - __main__ -   loss: 0.6535100936889648
03/24/2025 02:16:09 - INFO - __main__ -   loss: 0.5616484880447388
03/24/2025 02:16:09 - INFO - __main__ -   loss: 0.5945441126823425
03/24/2025 02:16:09 - INFO - __main__ -   loss: 0.5760350227355957
03/24/2025 02:16:09 - INFO - __main__ -   ***** Eval results  *****
03/24/2025 02:16:09 - INFO - __main__ -     acc = 0.6245487364620939
03/24/2025 02:16:09 - INFO - __main__ -   Average time (excluding 1st iteration): 6.423827589909624
03/24/2025 02:16:09 - INFO - __main__ -   All losses: [0.6965456008911133, 0.5826064348220825, 0.9616414904594421, 0.7179139852523804, 0.7591394186019897, 0.6903676986694336, 0.8200324177742004, 0.695704996585846, 0.6486597657203674, 0.7423174381256104, 0.691017210483551, 0.7121495604515076, 0.6916250586509705, 0.7163239121437073, 0.6680278778076172, 0.6601055860519409, 0.7357543706893921, 0.704460859298706, 0.7006290555000305, 0.7369130849838257, 0.6518632173538208, 0.6697396636009216, 0.6614706516265869, 0.6698129773139954, 0.6659001111984253, 0.6351763606071472, 0.7144875526428223, 0.6990243792533875, 0.7262239456176758, 0.6732767820358276, 0.6717689633369446, 0.7206438183784485, 0.7319599986076355, 0.6806662678718567, 0.6903449296951294, 0.6947965621948242, 0.7722448110580444, 0.635551929473877, 0.7114431858062744, 0.6880825757980347, 0.6714736223220825, 0.7128464579582214, 0.6133100986480713, 0.6120432019233704, 0.6419942378997803, 0.6842970252037048, 0.7071555256843567, 0.6646777391433716, 0.6913650035858154, 0.7073702812194824, 0.7584553956985474, 0.7165424227714539, 0.6194239854812622, 0.6833174824714661, 0.7212427854537964, 0.7121465802192688, 0.6311072111129761, 0.7071385979652405, 0.7160011529922485, 0.6847731471061707, 0.6641929745674133, 0.6981847882270813, 0.6933078765869141, 0.681365966796875, 0.6481614708900452, 0.6055772304534912, 0.6661474704742432, 0.6452329754829407, 0.6544264554977417, 0.6135095357894897, 0.7533525824546814, 0.6068676710128784, 0.7215519547462463, 0.6052384376525879, 0.6085832715034485, 0.630614161491394, 0.6416978240013123, 0.6014736890792847, 0.7032340168952942, 0.6952366232872009, 0.6889203786849976, 0.6920408606529236, 0.6567974090576172, 0.6705445647239685, 0.6607906222343445, 0.7664386034011841, 0.6215062141418457, 0.62580806016922, 0.5976682901382446, 0.6491973996162415, 0.6781238913536072, 0.6802874803543091, 0.6662073135375977, 0.6330817341804504, 0.7141003608703613, 0.6804800033569336, 0.6755712032318115, 0.6548378467559814, 0.7159176468849182, 0.6937020421028137, 0.5743064284324646, 0.6043975353240967, 0.661300778388977, 0.6393677592277527, 0.5804766416549683, 0.690829873085022, 0.5812369585037231, 0.7368876934051514, 0.6074334383010864, 0.7436373233795166, 0.6702672243118286, 0.5374045372009277, 0.6722395420074463, 0.6664683818817139, 0.7147164940834045, 0.6625868678092957, 0.5967054963111877, 0.5603524446487427, 0.6807628273963928, 0.8172779083251953, 0.6771861910820007, 0.5202851891517639, 0.6596347093582153, 0.7928935885429382, 0.7268528342247009, 0.6778262257575989, 0.5871627926826477, 0.5715406537055969, 0.6730729341506958, 0.7182887196540833, 0.6572233438491821, 0.7377585768699646, 0.6537193059921265, 0.6082791686058044, 0.6156724691390991, 0.6266728639602661, 0.6736368536949158, 0.6510151624679565, 0.5497938394546509, 0.6650091409683228, 0.6973363161087036, 0.5449151992797852, 0.5599406361579895, 0.6085647344589233, 0.7438793778419495, 0.6068122386932373, 0.6408374309539795, 0.6899787187576294, 0.5389044880867004, 0.621478796005249, 0.6881161332130432, 0.610732913017273, 0.6776160001754761, 0.5927318334579468, 0.6177265048027039, 0.703618049621582]
03/24/2025 02:16:09 - INFO - __main__ -    global_step = 156, average loss = 0.6698618298157667
03/24/2025 02:16:09 - INFO - __main__ -   Loading features from cached file /proj/cos568proj2-PG0/glue_data/RTE/cached_dev_bert-base-cased_128_rte
