03/24/2025 19:23:09 - WARNING - __main__ -   Process rank: 1, device: cpu, distributed training: True, 16-bits training: False
03/24/2025 19:23:12 - INFO - pytorch_transformers.modeling_utils -   loading configuration file https://s3.amazonaws.com/models.huggingface.co/bert/bert-base-cased-config.json from cache at /users/yc6206/.cache/torch/pytorch_transformers/b945b69218e98b3e2c95acf911789741307dec43c698d35fad11c1ae28bda352.9da767be51e1327499df13488672789394e2ca38b877837e52618a67d7002391
03/24/2025 19:23:12 - INFO - pytorch_transformers.modeling_utils -   Model config {
  "architectures": [
    "BertForMaskedLM"
  ],
  "attention_probs_dropout_prob": 0.1,
  "finetuning_task": "rte",
  "hidden_act": "gelu",
  "hidden_dropout_prob": 0.1,
  "hidden_size": 768,
  "initializer_range": 0.02,
  "intermediate_size": 3072,
  "layer_norm_eps": 1e-12,
  "max_position_embeddings": 512,
  "model_type": "bert",
  "num_attention_heads": 12,
  "num_hidden_layers": 12,
  "num_labels": 2,
  "output_attentions": false,
  "output_hidden_states": false,
  "pad_token_id": 0,
  "pruned_heads": {},
  "torchscript": false,
  "type_vocab_size": 2,
  "vocab_size": 28996
}

03/24/2025 19:23:12 - INFO - pytorch_transformers.tokenization_utils -   loading file https://s3.amazonaws.com/models.huggingface.co/bert/bert-base-cased-vocab.txt from cache at /users/yc6206/.cache/torch/pytorch_transformers/5e8a2b4893d13790ed4150ca1906be5f7a03d6c4ddf62296c383f6db42814db2.e13dbb970cb325137104fb2e5f36fe865f27746c6b526f6352861b1980eb80b1
03/24/2025 19:23:12 - INFO - pytorch_transformers.modeling_utils -   loading weights file https://s3.amazonaws.com/models.huggingface.co/bert/bert-base-cased-pytorch_model.bin from cache at /users/yc6206/.cache/torch/pytorch_transformers/35d8b9d36faaf46728a0192d82bf7d00137490cd6074e8500778afed552a67e5.3fadbea36527ae472139fe84cddaa65454d7429f12d543d80bfc3ad70de55ac2
03/24/2025 19:23:14 - INFO - pytorch_transformers.modeling_utils -   Weights of BertForSequenceClassification not initialized from pretrained model: ['classifier.weight', 'classifier.bias']
03/24/2025 19:23:14 - INFO - pytorch_transformers.modeling_utils -   Weights from pretrained model not used in BertForSequenceClassification: ['cls.predictions.bias', 'cls.predictions.transform.dense.weight', 'cls.predictions.transform.dense.bias', 'cls.predictions.decoder.weight', 'cls.seq_relationship.weight', 'cls.seq_relationship.bias', 'cls.predictions.transform.LayerNorm.weight', 'cls.predictions.transform.LayerNorm.bias']
03/24/2025 19:23:15 - INFO - __main__ -   Training/evaluation parameters Namespace(data_dir='/proj/cos568proj2-PG0/glue_data/RTE', model_type='bert', model_name_or_path='bert-base-cased', task_name='rte', output_dir='/tmp/RTE/', config_name='', tokenizer_name='', cache_dir='', max_seq_length=128, do_train=True, do_eval=True, do_lower_case=False, per_device_train_batch_size=16, per_device_eval_batch_size=8, gradient_accumulation_steps=1, learning_rate=2e-05, weight_decay=0.0, adam_epsilon=1e-08, max_grad_norm=1.0, num_train_epochs=1.0, max_steps=-1, warmup_steps=0, no_cuda=False, overwrite_output_dir=True, overwrite_cache=False, seed=42, fp16=False, fp16_opt_level='O1', local_rank=1, master_ip='128.110.219.4', master_port='12345', world_size=4, device=device(type='cpu'), n_gpu=0, output_mode='classification')
03/24/2025 19:23:15 - INFO - __main__ -   Loading features from cached file /proj/cos568proj2-PG0/glue_data/RTE/cached_train_bert-base-cased_128_rte
03/24/2025 19:23:16 - INFO - __main__ -   ***** Running training *****
03/24/2025 19:23:16 - INFO - __main__ -     Num examples = 2490
03/24/2025 19:23:16 - INFO - __main__ -     Num Epochs = 1
03/24/2025 19:23:16 - INFO - __main__ -     Instantaneous batch size per device = 16
03/24/2025 19:23:16 - INFO - __main__ -     Total train batch size (w. parallel, distributed & accumulation) = 64
03/24/2025 19:23:16 - INFO - __main__ -     Gradient Accumulation steps = 1
03/24/2025 19:23:16 - INFO - __main__ -     Total optimization steps = 156
03/24/2025 19:23:18 - INFO - __main__ -   Time: 2.66226761100188
03/24/2025 19:23:20 - INFO - __main__ -   Time: 2.1109529940003995
03/24/2025 19:23:22 - INFO - __main__ -   Time: 1.7888748549994489
03/24/2025 19:23:24 - INFO - __main__ -   Time: 1.7249546220009506
03/24/2025 19:23:26 - INFO - __main__ -   Time: 1.7323469190014293
03/24/2025 19:23:27 - INFO - __main__ -   Time: 1.7229330029986158
03/24/2025 19:23:29 - INFO - __main__ -   Time: 1.7221096089997445
03/24/2025 19:23:31 - INFO - __main__ -   Time: 1.747496530002536
03/24/2025 19:23:33 - INFO - __main__ -   Time: 1.7358527619981032
03/24/2025 19:23:34 - INFO - __main__ -   Time: 1.6981966640014434
03/24/2025 19:23:36 - INFO - __main__ -   Time: 1.7056686700016144
03/24/2025 19:23:38 - INFO - __main__ -   Time: 1.7185618600015005
03/24/2025 19:23:39 - INFO - __main__ -   Time: 1.705700310998509
03/24/2025 19:23:41 - INFO - __main__ -   Time: 1.7040736119997746
03/24/2025 19:23:43 - INFO - __main__ -   Time: 1.7431246460000693
03/24/2025 19:23:45 - INFO - __main__ -   Time: 1.707739823999873
03/24/2025 19:23:46 - INFO - __main__ -   Time: 1.7247177419994841
03/24/2025 19:23:48 - INFO - __main__ -   Time: 1.7255467760005558
03/24/2025 19:23:50 - INFO - __main__ -   Time: 1.7278313979986706
03/24/2025 19:23:51 - INFO - __main__ -   Time: 1.7248628739980632
03/24/2025 19:23:53 - INFO - __main__ -   Time: 1.7024067190031928
03/24/2025 19:23:55 - INFO - __main__ -   Time: 1.765279377999832
03/24/2025 19:23:57 - INFO - __main__ -   Time: 1.7406988609982363
03/24/2025 19:23:58 - INFO - __main__ -   Time: 1.7077734400008922
03/24/2025 19:24:00 - INFO - __main__ -   Time: 1.7092902929980482
03/24/2025 19:24:02 - INFO - __main__ -   Time: 1.713030364997394
03/24/2025 19:24:04 - INFO - __main__ -   Time: 1.71120307000092
03/24/2025 19:24:05 - INFO - __main__ -   Time: 1.7255985160009004
03/24/2025 19:24:07 - INFO - __main__ -   Time: 1.7307210289982322
03/24/2025 19:24:09 - INFO - __main__ -   Time: 1.7210942220008292
03/24/2025 19:24:10 - INFO - __main__ -   Time: 1.7526688509969972
03/24/2025 19:24:12 - INFO - __main__ -   Time: 1.723303393999231
03/24/2025 19:24:14 - INFO - __main__ -   Time: 1.711679052998079
03/24/2025 19:24:16 - INFO - __main__ -   Time: 1.7559770829975605
03/24/2025 19:24:17 - INFO - __main__ -   Time: 1.7121126769998227
03/24/2025 19:24:19 - INFO - __main__ -   Time: 1.7634825739987718
03/24/2025 19:24:21 - INFO - __main__ -   Time: 1.7034553789999336
03/24/2025 19:24:23 - INFO - __main__ -   Time: 1.7078153920010664
03/24/2025 19:24:24 - INFO - __main__ -   Time: 1.6908574529988982
03/24/2025 19:24:26 - INFO - __main__ -   Time: 1.6994791550023365
03/24/2025 19:24:28 - INFO - __main__ -   Time: 1.6993896780004434
03/24/2025 19:24:29 - INFO - __main__ -   Time: 1.6989366689995222
03/24/2025 19:24:31 - INFO - __main__ -   Time: 1.7178125339996768
03/24/2025 19:24:33 - INFO - __main__ -   Time: 1.7418869940011064
03/24/2025 19:24:34 - INFO - __main__ -   Time: 1.6920937430004415
03/24/2025 19:24:36 - INFO - __main__ -   Time: 1.7095078070015006
03/24/2025 19:24:38 - INFO - __main__ -   Time: 1.703385551001702
03/24/2025 19:24:40 - INFO - __main__ -   Time: 1.7098033910006052
03/24/2025 19:24:41 - INFO - __main__ -   Time: 1.7272896909998963
03/24/2025 19:24:43 - INFO - __main__ -   Time: 1.6959535690002667
03/24/2025 19:24:45 - INFO - __main__ -   Time: 1.6940234409994446
03/24/2025 19:24:46 - INFO - __main__ -   Time: 1.714426860002277
03/24/2025 19:24:48 - INFO - __main__ -   Time: 1.7032962840021355
03/24/2025 19:24:50 - INFO - __main__ -   Time: 1.6913335999997798
03/24/2025 19:24:52 - INFO - __main__ -   Time: 1.692775432999042
03/24/2025 19:24:53 - INFO - __main__ -   Time: 1.7016724510031054
03/24/2025 19:24:55 - INFO - __main__ -   Time: 1.6965341190007166
03/24/2025 19:24:57 - INFO - __main__ -   Time: 1.7181287200000952
03/24/2025 19:24:58 - INFO - __main__ -   Time: 1.717460227002448
03/24/2025 19:25:00 - INFO - __main__ -   Time: 1.6997827000013785
03/24/2025 19:25:02 - INFO - __main__ -   Time: 1.7177119800035143
03/24/2025 19:25:03 - INFO - __main__ -   Time: 1.7165731160021096
03/24/2025 19:25:05 - INFO - __main__ -   Time: 1.700982248999935
03/24/2025 19:25:07 - INFO - __main__ -   Time: 1.703592423000373
03/24/2025 19:25:09 - INFO - __main__ -   Time: 1.711424615001306
03/24/2025 19:25:10 - INFO - __main__ -   Time: 1.7088879299990367
03/24/2025 19:25:12 - INFO - __main__ -   Time: 1.7012282910000067
03/24/2025 19:25:14 - INFO - __main__ -   Time: 1.7090797310011112
03/24/2025 19:25:15 - INFO - __main__ -   Time: 1.7192929559969343
03/24/2025 19:25:17 - INFO - __main__ -   Time: 1.7075598109986458
03/24/2025 19:25:19 - INFO - __main__ -   Time: 1.7271697220021451
03/24/2025 19:25:21 - INFO - __main__ -   Time: 1.7103310560014506
03/24/2025 19:25:22 - INFO - __main__ -   Time: 1.732046524000907
03/24/2025 19:25:24 - INFO - __main__ -   Time: 1.6925407479975547
03/24/2025 19:25:26 - INFO - __main__ -   Time: 1.7089541160021327
03/24/2025 19:25:27 - INFO - __main__ -   Time: 1.699299328000052
03/24/2025 19:25:29 - INFO - __main__ -   Time: 1.7211391489981906
03/24/2025 19:25:31 - INFO - __main__ -   Time: 1.7292426799976965
03/24/2025 19:25:33 - INFO - __main__ -   Time: 1.7060063110002375
03/24/2025 19:25:34 - INFO - __main__ -   Time: 1.7043419020010333
03/24/2025 19:25:36 - INFO - __main__ -   Time: 1.774539822999941
03/24/2025 19:25:38 - INFO - __main__ -   Time: 1.706432931998279
03/24/2025 19:25:39 - INFO - __main__ -   Time: 1.7024493550015904
03/24/2025 19:25:41 - INFO - __main__ -   Time: 1.7151708329984103
03/24/2025 19:25:43 - INFO - __main__ -   Time: 1.6971893240006466
03/24/2025 19:25:45 - INFO - __main__ -   Time: 1.6940407220026827
03/24/2025 19:25:46 - INFO - __main__ -   Time: 1.7023639759972866
03/24/2025 19:25:48 - INFO - __main__ -   Time: 1.7260002439979871
03/24/2025 19:25:50 - INFO - __main__ -   Time: 1.742732339000213
03/24/2025 19:25:51 - INFO - __main__ -   Time: 1.6970433419992332
03/24/2025 19:25:53 - INFO - __main__ -   Time: 1.7050468350025767
03/24/2025 19:25:55 - INFO - __main__ -   Time: 1.7156320590001997
03/24/2025 19:25:57 - INFO - __main__ -   Time: 1.7068710259991349
03/24/2025 19:25:58 - INFO - __main__ -   Time: 1.6980778830002237
03/24/2025 19:26:00 - INFO - __main__ -   Time: 1.6997285159995954
03/24/2025 19:26:02 - INFO - __main__ -   Time: 1.725104797998938
03/24/2025 19:26:03 - INFO - __main__ -   Time: 1.6968065099972591
03/24/2025 19:26:05 - INFO - __main__ -   Time: 1.6990305489998718
03/24/2025 19:26:07 - INFO - __main__ -   Time: 1.7078933939992567
03/24/2025 19:26:09 - INFO - __main__ -   Time: 1.6901790270021593
03/24/2025 19:26:10 - INFO - __main__ -   Time: 1.7190089920004539
03/24/2025 19:26:12 - INFO - __main__ -   Time: 1.7001170670009742
03/24/2025 19:26:14 - INFO - __main__ -   Time: 1.7132140479989175
03/24/2025 19:26:15 - INFO - __main__ -   Time: 1.735052607000398
03/24/2025 19:26:17 - INFO - __main__ -   Time: 1.7262237579998327
03/24/2025 19:26:19 - INFO - __main__ -   Time: 1.7144636520024505
03/24/2025 19:26:21 - INFO - __main__ -   Time: 1.72211071700076
03/24/2025 19:26:22 - INFO - __main__ -   Time: 1.7414380189984513
03/24/2025 19:26:24 - INFO - __main__ -   Time: 1.7109931070008315
03/24/2025 19:26:26 - INFO - __main__ -   Time: 1.73330322000038
03/24/2025 19:26:27 - INFO - __main__ -   Time: 1.7062306099978741
03/24/2025 19:26:29 - INFO - __main__ -   Time: 1.706024022998463
03/24/2025 19:26:31 - INFO - __main__ -   Time: 1.7134690989987575
03/24/2025 19:26:33 - INFO - __main__ -   Time: 1.7233107479987666
03/24/2025 19:26:34 - INFO - __main__ -   Time: 1.7308748579998792
03/24/2025 19:26:36 - INFO - __main__ -   Time: 1.7440248089988017
03/24/2025 19:26:38 - INFO - __main__ -   Time: 1.7238624740020896
03/24/2025 19:26:40 - INFO - __main__ -   Time: 1.733355558997573
03/24/2025 19:26:41 - INFO - __main__ -   Time: 1.729810083998018
03/24/2025 19:26:43 - INFO - __main__ -   Time: 1.7189587719985866
03/24/2025 19:26:45 - INFO - __main__ -   Time: 1.7309263770002872
03/24/2025 19:26:46 - INFO - __main__ -   Time: 1.7757400440023048
03/24/2025 19:26:48 - INFO - __main__ -   Time: 1.7193796510000539
03/24/2025 19:26:50 - INFO - __main__ -   Time: 1.695666280000296
03/24/2025 19:26:52 - INFO - __main__ -   Time: 1.6985221630020533
03/24/2025 19:26:53 - INFO - __main__ -   Time: 1.7002442209995934
03/24/2025 19:26:55 - INFO - __main__ -   Time: 1.7377049360002275
03/24/2025 19:26:57 - INFO - __main__ -   Time: 1.7362918469989381
03/24/2025 19:26:58 - INFO - __main__ -   Time: 1.6895065429998795
03/24/2025 19:27:00 - INFO - __main__ -   Time: 1.6984979679982644
03/24/2025 19:27:02 - INFO - __main__ -   Time: 1.6934046509995824
03/24/2025 19:27:04 - INFO - __main__ -   Time: 1.7039190209980006
03/24/2025 19:27:05 - INFO - __main__ -   Time: 1.7091353309988335
03/24/2025 19:27:07 - INFO - __main__ -   Time: 1.700954736003041
03/24/2025 19:27:09 - INFO - __main__ -   Time: 1.6866144830019039
03/24/2025 19:27:10 - INFO - __main__ -   Time: 1.7029000330003328
03/24/2025 19:27:12 - INFO - __main__ -   Time: 1.7109392729980755
03/24/2025 19:27:14 - INFO - __main__ -   Time: 1.6928122530007386
03/24/2025 19:27:15 - INFO - __main__ -   Time: 1.685558373999811
03/24/2025 19:27:17 - INFO - __main__ -   Time: 1.7033840309995867
03/24/2025 19:27:19 - INFO - __main__ -   Time: 1.687311621997651
03/24/2025 19:27:21 - INFO - __main__ -   Time: 1.706287863999023
03/24/2025 19:27:22 - INFO - __main__ -   Time: 1.7074131939989456
03/24/2025 19:27:24 - INFO - __main__ -   Time: 1.7094846979998692
03/24/2025 19:27:26 - INFO - __main__ -   Time: 1.698792344002868
03/24/2025 19:27:27 - INFO - __main__ -   Time: 1.7153477190004196
03/24/2025 19:27:29 - INFO - __main__ -   Time: 1.696977372001129
03/24/2025 19:27:31 - INFO - __main__ -   Time: 1.713474607997341
03/24/2025 19:27:32 - INFO - __main__ -   Time: 1.6675883899988548
03/24/2025 19:27:34 - INFO - __main__ -   Time: 1.7098894679984369
03/24/2025 19:27:36 - INFO - __main__ -   Time: 1.6683125580020715
03/24/2025 19:27:38 - INFO - __main__ -   Time: 1.683863611000561
03/24/2025 19:27:39 - INFO - __main__ -   Time: 1.710014903001138
03/24/2025 19:27:41 - INFO - __main__ -   Time: 1.7022514909986057
03/24/2025 19:27:43 - INFO - __main__ -   Time: 1.6875536279985681
03/24/2025 19:27:44 - INFO - __main__ -   Time: 1.1957824079981947
03/24/2025 19:27:44 - INFO - __main__ -   Loading features from cached file /proj/cos568proj2-PG0/glue_data/RTE/cached_dev_bert-base-cased_128_rte
03/24/2025 19:27:44 - INFO - __main__ -   ***** Running evaluation  *****
03/24/2025 19:27:44 - INFO - __main__ -     Num examples = 277
03/24/2025 19:27:44 - INFO - __main__ -     Batch size = 8
03/24/2025 19:27:44 - INFO - __main__ -   loss: 0.649104654788971
03/24/2025 19:27:44 - INFO - __main__ -   loss: 0.5972880125045776
03/24/2025 19:27:45 - INFO - __main__ -   loss: 0.5434640645980835
03/24/2025 19:27:45 - INFO - __main__ -   loss: 0.7048445343971252
03/24/2025 19:27:45 - INFO - __main__ -   loss: 0.6563637256622314
03/24/2025 19:27:45 - INFO - __main__ -   loss: 0.7119103074073792
03/24/2025 19:27:46 - INFO - __main__ -   loss: 0.675564706325531
03/24/2025 19:27:46 - INFO - __main__ -   loss: 0.6242831945419312
03/24/2025 19:27:46 - INFO - __main__ -   loss: 0.6286811828613281
03/24/2025 19:27:46 - INFO - __main__ -   loss: 0.7325155735015869
03/24/2025 19:27:47 - INFO - __main__ -   loss: 0.6925593018531799
03/24/2025 19:27:47 - INFO - __main__ -   loss: 0.7390211224555969
03/24/2025 19:27:47 - INFO - __main__ -   loss: 0.6838667392730713
03/24/2025 19:27:47 - INFO - __main__ -   loss: 0.5617272257804871
03/24/2025 19:27:47 - INFO - __main__ -   loss: 0.5680854320526123
03/24/2025 19:27:48 - INFO - __main__ -   loss: 0.8707385659217834
03/24/2025 19:27:48 - INFO - __main__ -   loss: 0.5154667496681213
03/24/2025 19:27:48 - INFO - __main__ -   loss: 0.6429172158241272
03/24/2025 19:27:48 - INFO - __main__ -   loss: 0.6346392631530762
03/24/2025 19:27:49 - INFO - __main__ -   loss: 0.5150389075279236
03/24/2025 19:27:49 - INFO - __main__ -   loss: 0.803141713142395
03/24/2025 19:27:49 - INFO - __main__ -   loss: 0.6195729970932007
03/24/2025 19:27:49 - INFO - __main__ -   loss: 0.5857990384101868
03/24/2025 19:27:50 - INFO - __main__ -   loss: 0.5986689329147339
03/24/2025 19:27:50 - INFO - __main__ -   loss: 0.6709755063056946
03/24/2025 19:27:50 - INFO - __main__ -   loss: 0.6553580164909363
03/24/2025 19:27:50 - INFO - __main__ -   loss: 0.7224869728088379
03/24/2025 19:27:51 - INFO - __main__ -   loss: 0.6860911846160889
03/24/2025 19:27:51 - INFO - __main__ -   loss: 0.5001042485237122
03/24/2025 19:27:51 - INFO - __main__ -   loss: 0.7902866005897522
03/24/2025 19:27:51 - INFO - __main__ -   loss: 0.7037661671638489
03/24/2025 19:27:52 - INFO - __main__ -   loss: 0.6542404890060425
03/24/2025 19:27:52 - INFO - __main__ -   loss: 0.5618599653244019
03/24/2025 19:27:52 - INFO - __main__ -   loss: 0.5943629145622253
03/24/2025 19:27:52 - INFO - __main__ -   loss: 0.57610023021698
03/24/2025 19:27:52 - INFO - __main__ -   ***** Eval results  *****
03/24/2025 19:27:52 - INFO - __main__ -     acc = 0.628158844765343
03/24/2025 19:27:52 - INFO - __main__ -   Average time (excluding 1st iteration): 1.7125999901870654
03/24/2025 19:27:52 - INFO - __main__ -   All losses: [0.6965455412864685, 0.5826063752174377, 0.9616413712501526, 0.7179139256477356, 0.7591395974159241, 0.6903675198554993, 0.8200322985649109, 0.6957051157951355, 0.648659884929657, 0.7423177361488342, 0.6910168528556824, 0.7121493816375732, 0.6916251182556152, 0.7163238525390625, 0.6680279970169067, 0.6601054668426514, 0.7357544302940369, 0.7044609189033508, 0.7006289958953857, 0.7369130849838257, 0.651863157749176, 0.6697394847869873, 0.6614706516265869, 0.6698129177093506, 0.6659001708030701, 0.6351763010025024, 0.7144874334335327, 0.6990244388580322, 0.7262237668037415, 0.6732769012451172, 0.6717689633369446, 0.7206436395645142, 0.7319599986076355, 0.6806662678718567, 0.6903447508811951, 0.6947962641716003, 0.7722446918487549, 0.6355518698692322, 0.7114431858062744, 0.6880824565887451, 0.6714736223220825, 0.7128464579582214, 0.6133098602294922, 0.6120431423187256, 0.641994059085846, 0.6842971444129944, 0.7071565389633179, 0.6646760106086731, 0.691364586353302, 0.7073686122894287, 0.7584576606750488, 0.7165460586547852, 0.6194258332252502, 0.6833162903785706, 0.721248984336853, 0.7121440768241882, 0.6311067938804626, 0.7071378231048584, 0.7159982919692993, 0.684772253036499, 0.6641923785209656, 0.698188066482544, 0.693305253982544, 0.681365430355072, 0.6481566429138184, 0.6055755019187927, 0.666144847869873, 0.6452315449714661, 0.6544278860092163, 0.6135108470916748, 0.7533562183380127, 0.6068745851516724, 0.721545398235321, 0.6052425503730774, 0.6085929274559021, 0.6306289434432983, 0.6417129635810852, 0.6014703512191772, 0.7032403945922852, 0.6952379941940308, 0.6889247894287109, 0.6920400857925415, 0.6567707657814026, 0.6705551147460938, 0.6607879400253296, 0.7664279937744141, 0.6215105056762695, 0.6258068680763245, 0.5976795554161072, 0.6492036581039429, 0.6781629323959351, 0.6802973747253418, 0.6661936640739441, 0.6330441236495972, 0.7140606641769409, 0.6804333329200745, 0.6755462884902954, 0.6547741889953613, 0.7159783244132996, 0.693709671497345, 0.5742684602737427, 0.6043778657913208, 0.6613415479660034, 0.6394291520118713, 0.5805672407150269, 0.6908193826675415, 0.5813239216804504, 0.7368983626365662, 0.6072882413864136, 0.7437887191772461, 0.6703090071678162, 0.5375255942344666, 0.6720454096794128, 0.6664970517158508, 0.7148259878158569, 0.6624374985694885, 0.5968999862670898, 0.5604433417320251, 0.680709183216095, 0.816989541053772, 0.6770294904708862, 0.5206106901168823, 0.6597070097923279, 0.7920519113540649, 0.7265023589134216, 0.6778124570846558, 0.5873376727104187, 0.5715386867523193, 0.672915518283844, 0.7182512879371643, 0.6571727991104126, 0.7375472784042358, 0.6536712646484375, 0.6087466478347778, 0.6156870126724243, 0.6267404556274414, 0.6736878752708435, 0.6513233780860901, 0.5497751235961914, 0.6651787161827087, 0.6970574259757996, 0.5449243783950806, 0.5599964261054993, 0.60869300365448, 0.74378502368927, 0.6072635054588318, 0.6405764222145081, 0.6900867819786072, 0.5394788980484009, 0.6218270063400269, 0.6895643472671509, 0.6105316877365112, 0.6774642467498779, 0.592851459980011, 0.6177354454994202, 0.7038088440895081]
03/24/2025 19:27:52 - INFO - __main__ -    global_step = 156, average loss = 0.6698764325716556
03/24/2025 19:27:52 - INFO - __main__ -   Loading features from cached file /proj/cos568proj2-PG0/glue_data/RTE/cached_dev_bert-base-cased_128_rte
03/24/2025 19:27:52 - INFO - __main__ -   ***** Running evaluation  *****
03/24/2025 19:27:52 - INFO - __main__ -     Num examples = 277
03/24/2025 19:27:52 - INFO - __main__ -     Batch size = 8
03/24/2025 19:27:53 - INFO - __main__ -   loss: 0.649104654788971
03/24/2025 19:27:53 - INFO - __main__ -   loss: 0.5972880125045776
03/24/2025 19:27:53 - INFO - __main__ -   loss: 0.5434640645980835
03/24/2025 19:27:53 - INFO - __main__ -   loss: 0.7048445343971252
03/24/2025 19:27:54 - INFO - __main__ -   loss: 0.6563637256622314
03/24/2025 19:27:54 - INFO - __main__ -   loss: 0.7119103074073792
03/24/2025 19:27:54 - INFO - __main__ -   loss: 0.675564706325531
03/24/2025 19:27:54 - INFO - __main__ -   loss: 0.6242831945419312
03/24/2025 19:27:55 - INFO - __main__ -   loss: 0.6286811828613281
03/24/2025 19:27:55 - INFO - __main__ -   loss: 0.7325155735015869
03/24/2025 19:27:55 - INFO - __main__ -   loss: 0.6925593018531799
03/24/2025 19:27:55 - INFO - __main__ -   loss: 0.7390211224555969
03/24/2025 19:27:56 - INFO - __main__ -   loss: 0.6838667392730713
03/24/2025 19:27:56 - INFO - __main__ -   loss: 0.5617272257804871
03/24/2025 19:27:56 - INFO - __main__ -   loss: 0.5680854320526123
03/24/2025 19:27:56 - INFO - __main__ -   loss: 0.8707385659217834
03/24/2025 19:27:57 - INFO - __main__ -   loss: 0.5154667496681213
03/24/2025 19:27:57 - INFO - __main__ -   loss: 0.6429172158241272
03/24/2025 19:27:57 - INFO - __main__ -   loss: 0.6346392631530762
03/24/2025 19:27:57 - INFO - __main__ -   loss: 0.5150389075279236
03/24/2025 19:27:58 - INFO - __main__ -   loss: 0.803141713142395
03/24/2025 19:27:58 - INFO - __main__ -   loss: 0.6195729970932007
03/24/2025 19:27:58 - INFO - __main__ -   loss: 0.5857990384101868
03/24/2025 19:27:58 - INFO - __main__ -   loss: 0.5986689329147339
03/24/2025 19:27:59 - INFO - __main__ -   loss: 0.6709755063056946
03/24/2025 19:27:59 - INFO - __main__ -   loss: 0.6553580164909363
03/24/2025 19:27:59 - INFO - __main__ -   loss: 0.7224869728088379
03/24/2025 19:27:59 - INFO - __main__ -   loss: 0.6860911846160889
03/24/2025 19:28:00 - INFO - __main__ -   loss: 0.5001042485237122
03/24/2025 19:28:00 - INFO - __main__ -   loss: 0.7902866005897522
03/24/2025 19:28:00 - INFO - __main__ -   loss: 0.7037661671638489
03/24/2025 19:28:00 - INFO - __main__ -   loss: 0.6542404890060425
03/24/2025 19:28:01 - INFO - __main__ -   loss: 0.5618599653244019
03/24/2025 19:28:01 - INFO - __main__ -   loss: 0.5943629145622253
03/24/2025 19:28:01 - INFO - __main__ -   loss: 0.57610023021698
03/24/2025 19:28:01 - INFO - __main__ -   ***** Eval results  *****
03/24/2025 19:28:01 - INFO - __main__ -     acc = 0.628158844765343
