03/24/2025 15:32:43 - WARNING - __main__ -   Process rank: 2, device: cpu, distributed training: True, 16-bits training: False
03/24/2025 15:32:46 - INFO - pytorch_transformers.modeling_utils -   loading configuration file https://s3.amazonaws.com/models.huggingface.co/bert/bert-base-cased-config.json from cache at /users/yc6206/.cache/torch/pytorch_transformers/b945b69218e98b3e2c95acf911789741307dec43c698d35fad11c1ae28bda352.9da767be51e1327499df13488672789394e2ca38b877837e52618a67d7002391
03/24/2025 15:32:46 - INFO - pytorch_transformers.modeling_utils -   Model config {
  "architectures": [
    "BertForMaskedLM"
  ],
  "attention_probs_dropout_prob": 0.1,
  "finetuning_task": "rte",
  "hidden_act": "gelu",
  "hidden_dropout_prob": 0.1,
  "hidden_size": 768,
  "initializer_range": 0.02,
  "intermediate_size": 3072,
  "layer_norm_eps": 1e-12,
  "max_position_embeddings": 512,
  "model_type": "bert",
  "num_attention_heads": 12,
  "num_hidden_layers": 12,
  "num_labels": 2,
  "output_attentions": false,
  "output_hidden_states": false,
  "pad_token_id": 0,
  "pruned_heads": {},
  "torchscript": false,
  "type_vocab_size": 2,
  "vocab_size": 28996
}

03/24/2025 15:32:47 - INFO - pytorch_transformers.tokenization_utils -   loading file https://s3.amazonaws.com/models.huggingface.co/bert/bert-base-cased-vocab.txt from cache at /users/yc6206/.cache/torch/pytorch_transformers/5e8a2b4893d13790ed4150ca1906be5f7a03d6c4ddf62296c383f6db42814db2.e13dbb970cb325137104fb2e5f36fe865f27746c6b526f6352861b1980eb80b1
03/24/2025 15:32:47 - INFO - pytorch_transformers.modeling_utils -   loading weights file https://s3.amazonaws.com/models.huggingface.co/bert/bert-base-cased-pytorch_model.bin from cache at /users/yc6206/.cache/torch/pytorch_transformers/35d8b9d36faaf46728a0192d82bf7d00137490cd6074e8500778afed552a67e5.3fadbea36527ae472139fe84cddaa65454d7429f12d543d80bfc3ad70de55ac2
03/24/2025 15:32:49 - INFO - pytorch_transformers.modeling_utils -   Weights of BertForSequenceClassification not initialized from pretrained model: ['classifier.weight', 'classifier.bias']
03/24/2025 15:32:49 - INFO - pytorch_transformers.modeling_utils -   Weights from pretrained model not used in BertForSequenceClassification: ['cls.predictions.bias', 'cls.predictions.transform.dense.weight', 'cls.predictions.transform.dense.bias', 'cls.predictions.decoder.weight', 'cls.seq_relationship.weight', 'cls.seq_relationship.bias', 'cls.predictions.transform.LayerNorm.weight', 'cls.predictions.transform.LayerNorm.bias']
03/24/2025 15:32:49 - INFO - __main__ -   Training/evaluation parameters Namespace(data_dir='/proj/cos568proj2-PG0/glue_data/RTE', model_type='bert', model_name_or_path='bert-base-cased', task_name='rte', output_dir='/tmp/RTE/', config_name='', tokenizer_name='', cache_dir='', max_seq_length=128, do_train=True, do_eval=True, do_lower_case=False, per_device_train_batch_size=16, per_device_eval_batch_size=8, gradient_accumulation_steps=1, learning_rate=2e-05, weight_decay=0.0, adam_epsilon=1e-08, max_grad_norm=1.0, num_train_epochs=1.0, max_steps=-1, warmup_steps=0, no_cuda=False, overwrite_output_dir=True, overwrite_cache=False, seed=42, fp16=False, fp16_opt_level='O1', local_rank=2, master_ip='128.110.219.4', master_port='12345', world_size=4, device=device(type='cpu'), n_gpu=0, output_mode='classification')
03/24/2025 15:32:49 - INFO - __main__ -   Loading features from cached file /proj/cos568proj2-PG0/glue_data/RTE/cached_train_bert-base-cased_128_rte
03/24/2025 15:32:50 - INFO - __main__ -   ***** Running training *****
03/24/2025 15:32:50 - INFO - __main__ -     Num examples = 2490
03/24/2025 15:32:50 - INFO - __main__ -     Num Epochs = 1
03/24/2025 15:32:50 - INFO - __main__ -     Instantaneous batch size per device = 16
03/24/2025 15:32:50 - INFO - __main__ -     Total train batch size (w. parallel, distributed & accumulation) = 64
03/24/2025 15:32:50 - INFO - __main__ -     Gradient Accumulation steps = 1
03/24/2025 15:32:50 - INFO - __main__ -     Total optimization steps = 156
03/24/2025 15:32:54 - INFO - __main__ -   Time: 4.142344365000099
03/24/2025 15:32:58 - INFO - __main__ -   Time: 3.844130719000532
03/24/2025 15:33:01 - INFO - __main__ -   Time: 3.4952126259995566
03/24/2025 15:33:05 - INFO - __main__ -   Time: 3.4781530870004644
03/24/2025 15:33:08 - INFO - __main__ -   Time: 3.4833036939999147
03/24/2025 15:33:12 - INFO - __main__ -   Time: 3.4972848130000784
03/24/2025 15:33:15 - INFO - __main__ -   Time: 3.49289947699981
03/24/2025 15:33:19 - INFO - __main__ -   Time: 3.5661036780002178
03/24/2025 15:33:22 - INFO - __main__ -   Time: 3.624820881999767
03/24/2025 15:33:26 - INFO - __main__ -   Time: 3.4256719519999024
03/24/2025 15:33:29 - INFO - __main__ -   Time: 3.471887137999147
03/24/2025 15:33:33 - INFO - __main__ -   Time: 3.6537339179994888
03/24/2025 15:33:37 - INFO - __main__ -   Time: 3.6544719070006977
03/24/2025 15:33:40 - INFO - __main__ -   Time: 3.4723034939997888
03/24/2025 15:33:44 - INFO - __main__ -   Time: 3.493086579001101
03/24/2025 15:33:47 - INFO - __main__ -   Time: 3.4562968950012873
03/24/2025 15:33:51 - INFO - __main__ -   Time: 3.491363031000219
03/24/2025 15:33:54 - INFO - __main__ -   Time: 3.4371949960004713
03/24/2025 15:33:57 - INFO - __main__ -   Time: 3.41707699500148
03/24/2025 15:34:01 - INFO - __main__ -   Time: 3.4714032010015217
03/24/2025 15:34:04 - INFO - __main__ -   Time: 3.4345136669999192
03/24/2025 15:34:08 - INFO - __main__ -   Time: 3.5007408169985865
03/24/2025 15:34:11 - INFO - __main__ -   Time: 3.4562354019999475
03/24/2025 15:34:15 - INFO - __main__ -   Time: 3.4588373280002997
03/24/2025 15:34:18 - INFO - __main__ -   Time: 3.465786617998674
03/24/2025 15:34:22 - INFO - __main__ -   Time: 3.4264666630006104
03/24/2025 15:34:25 - INFO - __main__ -   Time: 3.4730567520000477
03/24/2025 15:34:29 - INFO - __main__ -   Time: 3.4385507830011193
03/24/2025 15:34:32 - INFO - __main__ -   Time: 3.4644993000001705
03/24/2025 15:34:36 - INFO - __main__ -   Time: 3.4704443980008364
03/24/2025 15:34:39 - INFO - __main__ -   Time: 3.5707722539991664
03/24/2025 15:34:43 - INFO - __main__ -   Time: 3.693207005999284
03/24/2025 15:34:46 - INFO - __main__ -   Time: 3.626287726998271
03/24/2025 15:34:50 - INFO - __main__ -   Time: 3.663691812998877
03/24/2025 15:34:54 - INFO - __main__ -   Time: 3.771687981001378
03/24/2025 15:34:57 - INFO - __main__ -   Time: 3.4648406649994286
03/24/2025 15:35:01 - INFO - __main__ -   Time: 3.4333037529995636
03/24/2025 15:35:04 - INFO - __main__ -   Time: 3.438685584000268
03/24/2025 15:35:08 - INFO - __main__ -   Time: 3.4251754630004143
03/24/2025 15:35:11 - INFO - __main__ -   Time: 3.3951521109993337
03/24/2025 15:35:14 - INFO - __main__ -   Time: 3.404833171000064
03/24/2025 15:35:18 - INFO - __main__ -   Time: 3.3931818949986337
03/24/2025 15:35:21 - INFO - __main__ -   Time: 3.411284498000896
03/24/2025 15:35:25 - INFO - __main__ -   Time: 3.418753164000009
03/24/2025 15:35:28 - INFO - __main__ -   Time: 3.3880609659991023
03/24/2025 15:35:31 - INFO - __main__ -   Time: 3.4201705359992047
03/24/2025 15:35:35 - INFO - __main__ -   Time: 3.404327815000215
03/24/2025 15:35:38 - INFO - __main__ -   Time: 3.390679842001191
03/24/2025 15:35:42 - INFO - __main__ -   Time: 3.634487944000284
03/24/2025 15:35:45 - INFO - __main__ -   Time: 3.493447371000002
03/24/2025 15:35:49 - INFO - __main__ -   Time: 3.502908380000008
03/24/2025 15:35:52 - INFO - __main__ -   Time: 3.5242193729991413
03/24/2025 15:35:56 - INFO - __main__ -   Time: 3.480464600999767
03/24/2025 15:35:59 - INFO - __main__ -   Time: 3.4944540950000373
03/24/2025 15:36:03 - INFO - __main__ -   Time: 3.5356483249997837
03/24/2025 15:36:06 - INFO - __main__ -   Time: 3.4435367420010152
03/24/2025 15:36:10 - INFO - __main__ -   Time: 3.484338303000186
03/24/2025 15:36:13 - INFO - __main__ -   Time: 3.4740262720006285
03/24/2025 15:36:17 - INFO - __main__ -   Time: 3.4966462339998543
03/24/2025 15:36:20 - INFO - __main__ -   Time: 3.4926002400006837
03/24/2025 15:36:24 - INFO - __main__ -   Time: 3.490984699999899
03/24/2025 15:36:27 - INFO - __main__ -   Time: 3.5281491260011535
03/24/2025 15:36:31 - INFO - __main__ -   Time: 3.5110016750004434
03/24/2025 15:36:34 - INFO - __main__ -   Time: 3.509194064999974
03/24/2025 15:36:38 - INFO - __main__ -   Time: 3.4774804879998555
03/24/2025 15:36:41 - INFO - __main__ -   Time: 3.485784151000189
03/24/2025 15:36:45 - INFO - __main__ -   Time: 3.495790933000535
03/24/2025 15:36:48 - INFO - __main__ -   Time: 3.4833740399990347
03/24/2025 15:36:52 - INFO - __main__ -   Time: 3.503675320000184
03/24/2025 15:36:55 - INFO - __main__ -   Time: 3.4951289809996524
03/24/2025 15:36:59 - INFO - __main__ -   Time: 3.45584178199897
03/24/2025 15:37:02 - INFO - __main__ -   Time: 3.4668919189989538
03/24/2025 15:37:06 - INFO - __main__ -   Time: 3.458906231000583
03/24/2025 15:37:09 - INFO - __main__ -   Time: 3.5046883120012353
03/24/2025 15:37:13 - INFO - __main__ -   Time: 3.5184444679998705
03/24/2025 15:37:16 - INFO - __main__ -   Time: 3.5289560050005093
03/24/2025 15:37:20 - INFO - __main__ -   Time: 3.4740841969996836
03/24/2025 15:37:23 - INFO - __main__ -   Time: 3.518018057999143
03/24/2025 15:37:27 - INFO - __main__ -   Time: 3.5012132299998484
03/24/2025 15:37:30 - INFO - __main__ -   Time: 3.4496392020009807
03/24/2025 15:37:34 - INFO - __main__ -   Time: 3.4960068099990167
03/24/2025 15:37:37 - INFO - __main__ -   Time: 3.546463673999824
03/24/2025 15:37:41 - INFO - __main__ -   Time: 3.520344374999695
03/24/2025 15:37:44 - INFO - __main__ -   Time: 3.5071051039994927
03/24/2025 15:37:48 - INFO - __main__ -   Time: 3.5598423430001276
03/24/2025 15:37:51 - INFO - __main__ -   Time: 3.5243470660007006
03/24/2025 15:37:55 - INFO - __main__ -   Time: 3.545208666999315
03/24/2025 15:37:58 - INFO - __main__ -   Time: 3.5133977259993117
03/24/2025 15:38:02 - INFO - __main__ -   Time: 3.5532607290006126
03/24/2025 15:38:05 - INFO - __main__ -   Time: 3.4971659839993663
03/24/2025 15:38:09 - INFO - __main__ -   Time: 3.5098194399997737
03/24/2025 15:38:12 - INFO - __main__ -   Time: 3.517480385999079
03/24/2025 15:38:16 - INFO - __main__ -   Time: 3.5250416490016505
03/24/2025 15:38:20 - INFO - __main__ -   Time: 3.510635431000992
03/24/2025 15:38:23 - INFO - __main__ -   Time: 3.464842516999852
03/24/2025 15:38:26 - INFO - __main__ -   Time: 3.465770116001295
03/24/2025 15:38:30 - INFO - __main__ -   Time: 3.5208918869993795
03/24/2025 15:38:33 - INFO - __main__ -   Time: 3.5184016229995905
03/24/2025 15:38:37 - INFO - __main__ -   Time: 3.5276591559995722
03/24/2025 15:38:41 - INFO - __main__ -   Time: 3.518941046000691
03/24/2025 15:38:44 - INFO - __main__ -   Time: 3.5365050270011125
03/24/2025 15:38:48 - INFO - __main__ -   Time: 3.4951208689999476
03/24/2025 15:38:51 - INFO - __main__ -   Time: 3.5058106389988097
03/24/2025 15:38:55 - INFO - __main__ -   Time: 3.4855346549993556
03/24/2025 15:38:58 - INFO - __main__ -   Time: 3.4764167920002365
03/24/2025 15:39:02 - INFO - __main__ -   Time: 3.5102280779992725
03/24/2025 15:39:05 - INFO - __main__ -   Time: 3.493535667999822
03/24/2025 15:39:09 - INFO - __main__ -   Time: 3.5055708560012135
03/24/2025 15:39:12 - INFO - __main__ -   Time: 3.4762679889990977
03/24/2025 15:39:16 - INFO - __main__ -   Time: 3.4931341219999013
03/24/2025 15:39:19 - INFO - __main__ -   Time: 3.4594589680000354
03/24/2025 15:39:22 - INFO - __main__ -   Time: 3.4728742349998356
03/24/2025 15:39:26 - INFO - __main__ -   Time: 3.4881650019997323
03/24/2025 15:39:29 - INFO - __main__ -   Time: 3.4918215130001045
03/24/2025 15:39:33 - INFO - __main__ -   Time: 3.4905857119993016
03/24/2025 15:39:36 - INFO - __main__ -   Time: 3.519016021000425
03/24/2025 15:39:40 - INFO - __main__ -   Time: 3.4901999670000805
03/24/2025 15:39:43 - INFO - __main__ -   Time: 3.460851633000857
03/24/2025 15:39:47 - INFO - __main__ -   Time: 3.4847009430013713
03/24/2025 15:39:50 - INFO - __main__ -   Time: 3.4414100009998947
03/24/2025 15:39:54 - INFO - __main__ -   Time: 3.4703631609991135
03/24/2025 15:39:57 - INFO - __main__ -   Time: 3.4666173299992806
03/24/2025 15:40:01 - INFO - __main__ -   Time: 3.4937931630011008
03/24/2025 15:40:04 - INFO - __main__ -   Time: 3.5011769580014516
03/24/2025 15:40:08 - INFO - __main__ -   Time: 3.503877207000187
03/24/2025 15:40:11 - INFO - __main__ -   Time: 3.483777959998406
03/24/2025 15:40:15 - INFO - __main__ -   Time: 3.5169133499985037
03/24/2025 15:40:18 - INFO - __main__ -   Time: 3.502794599999106
03/24/2025 15:40:22 - INFO - __main__ -   Time: 3.516290195999318
03/24/2025 15:40:25 - INFO - __main__ -   Time: 3.5224879950001196
03/24/2025 15:40:29 - INFO - __main__ -   Time: 3.505212150999796
03/24/2025 15:40:32 - INFO - __main__ -   Time: 3.4884499799991318
03/24/2025 15:40:36 - INFO - __main__ -   Time: 3.4846335960010038
03/24/2025 15:40:39 - INFO - __main__ -   Time: 3.5073181700008718
03/24/2025 15:40:43 - INFO - __main__ -   Time: 3.463158234999355
03/24/2025 15:40:46 - INFO - __main__ -   Time: 3.5033994109999185
03/24/2025 15:40:50 - INFO - __main__ -   Time: 3.487184445000821
03/24/2025 15:40:53 - INFO - __main__ -   Time: 3.470222007999837
03/24/2025 15:40:57 - INFO - __main__ -   Time: 3.46870442799991
03/24/2025 15:41:00 - INFO - __main__ -   Time: 3.4734416769988457
03/24/2025 15:41:04 - INFO - __main__ -   Time: 3.4946588639995753
03/24/2025 15:41:07 - INFO - __main__ -   Time: 3.463354788998913
03/24/2025 15:41:11 - INFO - __main__ -   Time: 3.469696431000557
03/24/2025 15:41:14 - INFO - __main__ -   Time: 3.4645596770005795
03/24/2025 15:41:18 - INFO - __main__ -   Time: 3.4841558860007353
03/24/2025 15:41:21 - INFO - __main__ -   Time: 3.4925792510002793
03/24/2025 15:41:25 - INFO - __main__ -   Time: 3.514734894999492
03/24/2025 15:41:28 - INFO - __main__ -   Time: 3.51922670300155
03/24/2025 15:41:32 - INFO - __main__ -   Time: 3.479000389999783
03/24/2025 15:41:35 - INFO - __main__ -   Time: 3.4891274250003335
03/24/2025 15:41:39 - INFO - __main__ -   Time: 3.482412065000972
03/24/2025 15:41:42 - INFO - __main__ -   Time: 3.498754487000042
03/24/2025 15:41:46 - INFO - __main__ -   Time: 3.544969961998504
03/24/2025 15:41:49 - INFO - __main__ -   Time: 3.5257431310001266
03/24/2025 15:41:53 - INFO - __main__ -   Time: 3.512744761999784
03/24/2025 15:41:56 - INFO - __main__ -   Time: 2.980197650998889
03/24/2025 15:41:56 - INFO - __main__ -   Loading features from cached file /proj/cos568proj2-PG0/glue_data/RTE/cached_dev_bert-base-cased_128_rte
03/24/2025 15:41:56 - INFO - __main__ -   ***** Running evaluation  *****
03/24/2025 15:41:56 - INFO - __main__ -     Num examples = 277
03/24/2025 15:41:56 - INFO - __main__ -     Batch size = 8
03/24/2025 15:41:56 - INFO - __main__ -   loss: 0.6492153406143188
03/24/2025 15:41:56 - INFO - __main__ -   loss: 0.5967208743095398
03/24/2025 15:41:56 - INFO - __main__ -   loss: 0.5431804656982422
03/24/2025 15:41:57 - INFO - __main__ -   loss: 0.7052974104881287
03/24/2025 15:41:57 - INFO - __main__ -   loss: 0.6565589904785156
03/24/2025 15:41:57 - INFO - __main__ -   loss: 0.7118149995803833
03/24/2025 15:41:57 - INFO - __main__ -   loss: 0.6756254434585571
03/24/2025 15:41:58 - INFO - __main__ -   loss: 0.6243888139724731
03/24/2025 15:41:58 - INFO - __main__ -   loss: 0.6283300518989563
03/24/2025 15:41:58 - INFO - __main__ -   loss: 0.7326834201812744
03/24/2025 15:41:58 - INFO - __main__ -   loss: 0.6925094723701477
03/24/2025 15:41:59 - INFO - __main__ -   loss: 0.7389090061187744
03/24/2025 15:41:59 - INFO - __main__ -   loss: 0.6835792660713196
03/24/2025 15:41:59 - INFO - __main__ -   loss: 0.5619046688079834
03/24/2025 15:41:59 - INFO - __main__ -   loss: 0.5682838559150696
03/24/2025 15:42:00 - INFO - __main__ -   loss: 0.8708163499832153
03/24/2025 15:42:00 - INFO - __main__ -   loss: 0.5149197578430176
03/24/2025 15:42:00 - INFO - __main__ -   loss: 0.6431835293769836
03/24/2025 15:42:00 - INFO - __main__ -   loss: 0.6347476243972778
03/24/2025 15:42:01 - INFO - __main__ -   loss: 0.515257716178894
03/24/2025 15:42:01 - INFO - __main__ -   loss: 0.8027253150939941
03/24/2025 15:42:01 - INFO - __main__ -   loss: 0.619463324546814
03/24/2025 15:42:01 - INFO - __main__ -   loss: 0.5861675143241882
03/24/2025 15:42:02 - INFO - __main__ -   loss: 0.5982698202133179
03/24/2025 15:42:02 - INFO - __main__ -   loss: 0.6710212826728821
03/24/2025 15:42:02 - INFO - __main__ -   loss: 0.6552223563194275
03/24/2025 15:42:02 - INFO - __main__ -   loss: 0.7222964763641357
03/24/2025 15:42:02 - INFO - __main__ -   loss: 0.6862034201622009
03/24/2025 15:42:03 - INFO - __main__ -   loss: 0.5002037882804871
03/24/2025 15:42:03 - INFO - __main__ -   loss: 0.7903783321380615
03/24/2025 15:42:03 - INFO - __main__ -   loss: 0.7037206888198853
03/24/2025 15:42:03 - INFO - __main__ -   loss: 0.6547142863273621
03/24/2025 15:42:04 - INFO - __main__ -   loss: 0.5619826316833496
03/24/2025 15:42:04 - INFO - __main__ -   loss: 0.5944137573242188
03/24/2025 15:42:04 - INFO - __main__ -   loss: 0.5760461091995239
03/24/2025 15:42:04 - INFO - __main__ -   ***** Eval results  *****
03/24/2025 15:42:04 - INFO - __main__ -     acc = 0.628158844765343
03/24/2025 15:42:04 - INFO - __main__ -   Average time (excluding 1st iteration): 3.4936078621032194
03/24/2025 15:42:04 - INFO - __main__ -   All losses: [0.6965455412864685, 0.5826063752174377, 0.9616413712501526, 0.7179139852523804, 0.7591394186019897, 0.690367579460144, 0.8200322389602661, 0.6957050561904907, 0.648659884929657, 0.7423176169395447, 0.6910169720649719, 0.7121493816375732, 0.6916249990463257, 0.7163238525390625, 0.6680279970169067, 0.6601055860519409, 0.7357544898986816, 0.7044609189033508, 0.7006288766860962, 0.7369130849838257, 0.6518630981445312, 0.6697396636009216, 0.6614707112312317, 0.6698129177093506, 0.6659001708030701, 0.6351763010025024, 0.7144875526428223, 0.6990243792533875, 0.7262239456176758, 0.6732769012451172, 0.6717690229415894, 0.7206436395645142, 0.7319600582122803, 0.6806661486625671, 0.6903447508811951, 0.6947963237762451, 0.7722447514533997, 0.6355517506599426, 0.711443305015564, 0.6880823373794556, 0.6714735627174377, 0.7128465175628662, 0.6133098602294922, 0.6120431423187256, 0.6419939398765564, 0.6842971444129944, 0.7071574330329895, 0.6646749973297119, 0.6913643479347229, 0.7073675394058228, 0.7584587931632996, 0.7165482044219971, 0.6194271445274353, 0.6833154559135437, 0.7212526798248291, 0.7121425271034241, 0.6311066746711731, 0.7071373462677002, 0.7159962058067322, 0.6847715377807617, 0.6641916632652283, 0.6981898546218872, 0.6933034658432007, 0.6813650727272034, 0.6481529474258423, 0.6055741310119629, 0.6661428809165955, 0.6452311277389526, 0.6544288992881775, 0.6135123372077942, 0.7533586025238037, 0.6068791151046753, 0.7215396165847778, 0.605246365070343, 0.6086001396179199, 0.6306375861167908, 0.6417227387428284, 0.6014683246612549, 0.7032448053359985, 0.6952391862869263, 0.6889263987541199, 0.6920384764671326, 0.6567559242248535, 0.6705602407455444, 0.6607842445373535, 0.7664213180541992, 0.6215111017227173, 0.6258007884025574, 0.597684919834137, 0.6492072939872742, 0.6781824231147766, 0.6803023815155029, 0.6661885380744934, 0.633027195930481, 0.7140450477600098, 0.680414617061615, 0.6755329966545105, 0.6547513008117676, 0.7160031199455261, 0.693714439868927, 0.5742523074150085, 0.6043769717216492, 0.6613752245903015, 0.6394804120063782, 0.5805967450141907, 0.6908172369003296, 0.5813540816307068, 0.7368996739387512, 0.6072242856025696, 0.7438662648200989, 0.6703484058380127, 0.5375990867614746, 0.6719387173652649, 0.6665184497833252, 0.7148900032043457, 0.6623470783233643, 0.5969893336296082, 0.5605339407920837, 0.6806197166442871, 0.8168070912361145, 0.676964282989502, 0.5208000540733337, 0.6597753167152405, 0.791658341884613, 0.726408839225769, 0.6778238415718079, 0.5874035358428955, 0.5715426802635193, 0.6729305386543274, 0.718299150466919, 0.6571979522705078, 0.7374105453491211, 0.6536529660224915, 0.6088598370552063, 0.61580491065979, 0.6266639232635498, 0.6736593842506409, 0.651404857635498, 0.5497813820838928, 0.6651398539543152, 0.6970096230506897, 0.5449085831642151, 0.5600494742393494, 0.6087242364883423, 0.7438259720802307, 0.6074723601341248, 0.6404421329498291, 0.6900705695152283, 0.5396506786346436, 0.622011661529541, 0.6898239850997925, 0.6103927493095398, 0.6775529980659485, 0.5928621888160706, 0.6177076697349548, 0.7040027379989624]
03/24/2025 15:42:04 - INFO - __main__ -    global_step = 156, average loss = 0.6698814389797357
03/24/2025 15:42:04 - INFO - __main__ -   Loading features from cached file /proj/cos568proj2-PG0/glue_data/RTE/cached_dev_bert-base-cased_128_rte
03/24/2025 15:42:04 - INFO - __main__ -   ***** Running evaluation  *****
03/24/2025 15:42:04 - INFO - __main__ -     Num examples = 277
03/24/2025 15:42:04 - INFO - __main__ -     Batch size = 8
03/24/2025 15:42:05 - INFO - __main__ -   loss: 0.6492153406143188
03/24/2025 15:42:05 - INFO - __main__ -   loss: 0.5967208743095398
03/24/2025 15:42:05 - INFO - __main__ -   loss: 0.5431804656982422
03/24/2025 15:42:05 - INFO - __main__ -   loss: 0.7052974104881287
03/24/2025 15:42:06 - INFO - __main__ -   loss: 0.6565589904785156
03/24/2025 15:42:06 - INFO - __main__ -   loss: 0.7118149995803833
03/24/2025 15:42:06 - INFO - __main__ -   loss: 0.6756254434585571
03/24/2025 15:42:06 - INFO - __main__ -   loss: 0.6243888139724731
03/24/2025 15:42:07 - INFO - __main__ -   loss: 0.6283300518989563
03/24/2025 15:42:07 - INFO - __main__ -   loss: 0.7326834201812744
03/24/2025 15:42:07 - INFO - __main__ -   loss: 0.6925094723701477
03/24/2025 15:42:07 - INFO - __main__ -   loss: 0.7389090061187744
03/24/2025 15:42:08 - INFO - __main__ -   loss: 0.6835792660713196
03/24/2025 15:42:08 - INFO - __main__ -   loss: 0.5619046688079834
03/24/2025 15:42:08 - INFO - __main__ -   loss: 0.5682838559150696
03/24/2025 15:42:08 - INFO - __main__ -   loss: 0.8708163499832153
03/24/2025 15:42:09 - INFO - __main__ -   loss: 0.5149197578430176
03/24/2025 15:42:09 - INFO - __main__ -   loss: 0.6431835293769836
03/24/2025 15:42:09 - INFO - __main__ -   loss: 0.6347476243972778
03/24/2025 15:42:09 - INFO - __main__ -   loss: 0.515257716178894
03/24/2025 15:42:10 - INFO - __main__ -   loss: 0.8027253150939941
03/24/2025 15:42:10 - INFO - __main__ -   loss: 0.619463324546814
03/24/2025 15:42:10 - INFO - __main__ -   loss: 0.5861675143241882
03/24/2025 15:42:10 - INFO - __main__ -   loss: 0.5982698202133179
03/24/2025 15:42:10 - INFO - __main__ -   loss: 0.6710212826728821
03/24/2025 15:42:11 - INFO - __main__ -   loss: 0.6552223563194275
03/24/2025 15:42:11 - INFO - __main__ -   loss: 0.7222964763641357
03/24/2025 15:42:11 - INFO - __main__ -   loss: 0.6862034201622009
03/24/2025 15:42:11 - INFO - __main__ -   loss: 0.5002037882804871
03/24/2025 15:42:12 - INFO - __main__ -   loss: 0.7903783321380615
03/24/2025 15:42:12 - INFO - __main__ -   loss: 0.7037206888198853
03/24/2025 15:42:12 - INFO - __main__ -   loss: 0.6547142863273621
03/24/2025 15:42:12 - INFO - __main__ -   loss: 0.5619826316833496
03/24/2025 15:42:13 - INFO - __main__ -   loss: 0.5944137573242188
03/24/2025 15:42:13 - INFO - __main__ -   loss: 0.5760461091995239
03/24/2025 15:42:13 - INFO - __main__ -   ***** Eval results  *****
03/24/2025 15:42:13 - INFO - __main__ -     acc = 0.628158844765343
