03/25/2025 13:03:55 - WARNING - __main__ -   Process rank: 1, device: cpu, distributed training: True, 16-bits training: False
03/25/2025 13:04:04 - INFO - pytorch_transformers.modeling_utils -   loading configuration file https://s3.amazonaws.com/models.huggingface.co/bert/bert-base-cased-config.json from cache at /users/yc6206/.cache/torch/pytorch_transformers/b945b69218e98b3e2c95acf911789741307dec43c698d35fad11c1ae28bda352.9da767be51e1327499df13488672789394e2ca38b877837e52618a67d7002391
03/25/2025 13:04:04 - INFO - pytorch_transformers.modeling_utils -   Model config {
  "architectures": [
    "BertForMaskedLM"
  ],
  "attention_probs_dropout_prob": 0.1,
  "finetuning_task": "rte",
  "hidden_act": "gelu",
  "hidden_dropout_prob": 0.1,
  "hidden_size": 768,
  "initializer_range": 0.02,
  "intermediate_size": 3072,
  "layer_norm_eps": 1e-12,
  "max_position_embeddings": 512,
  "model_type": "bert",
  "num_attention_heads": 12,
  "num_hidden_layers": 12,
  "num_labels": 2,
  "output_attentions": false,
  "output_hidden_states": false,
  "pad_token_id": 0,
  "pruned_heads": {},
  "torchscript": false,
  "type_vocab_size": 2,
  "vocab_size": 28996
}

03/25/2025 13:04:04 - INFO - pytorch_transformers.tokenization_utils -   loading file https://s3.amazonaws.com/models.huggingface.co/bert/bert-base-cased-vocab.txt from cache at /users/yc6206/.cache/torch/pytorch_transformers/5e8a2b4893d13790ed4150ca1906be5f7a03d6c4ddf62296c383f6db42814db2.e13dbb970cb325137104fb2e5f36fe865f27746c6b526f6352861b1980eb80b1
03/25/2025 13:04:05 - INFO - pytorch_transformers.modeling_utils -   loading weights file https://s3.amazonaws.com/models.huggingface.co/bert/bert-base-cased-pytorch_model.bin from cache at /users/yc6206/.cache/torch/pytorch_transformers/35d8b9d36faaf46728a0192d82bf7d00137490cd6074e8500778afed552a67e5.3fadbea36527ae472139fe84cddaa65454d7429f12d543d80bfc3ad70de55ac2
03/25/2025 13:04:13 - INFO - pytorch_transformers.modeling_utils -   Weights of BertForSequenceClassification not initialized from pretrained model: ['classifier.weight', 'classifier.bias']
03/25/2025 13:04:13 - INFO - pytorch_transformers.modeling_utils -   Weights from pretrained model not used in BertForSequenceClassification: ['cls.predictions.bias', 'cls.predictions.transform.dense.weight', 'cls.predictions.transform.dense.bias', 'cls.predictions.decoder.weight', 'cls.seq_relationship.weight', 'cls.seq_relationship.bias', 'cls.predictions.transform.LayerNorm.weight', 'cls.predictions.transform.LayerNorm.bias']
03/25/2025 13:04:13 - INFO - __main__ -   Training/evaluation parameters Namespace(data_dir='/proj/cos568proj2-PG0/glue_data/RTE', model_type='bert', model_name_or_path='bert-base-cased', task_name='rte', output_dir='/tmp/RTE/', config_name='', tokenizer_name='', cache_dir='', max_seq_length=128, do_train=True, do_eval=True, do_lower_case=False, per_device_train_batch_size=16, per_device_eval_batch_size=8, gradient_accumulation_steps=1, learning_rate=2e-05, weight_decay=0.0, adam_epsilon=1e-08, max_grad_norm=1.0, num_train_epochs=1.0, max_steps=-1, warmup_steps=0, no_cuda=False, overwrite_output_dir=True, overwrite_cache=False, seed=42, fp16=False, fp16_opt_level='O1', local_rank=1, master_ip='10.10.1.2', master_port='12345', world_size=4, device=device(type='cpu'), n_gpu=0, output_mode='classification')
03/25/2025 13:04:13 - INFO - __main__ -   Loading features from cached file /proj/cos568proj2-PG0/glue_data/RTE/cached_train_bert-base-cased_128_rte
03/25/2025 13:04:15 - INFO - __main__ -   ***** Running training *****
03/25/2025 13:04:15 - INFO - __main__ -     Num examples = 2490
03/25/2025 13:04:15 - INFO - __main__ -     Num Epochs = 1
03/25/2025 13:04:15 - INFO - __main__ -     Instantaneous batch size per device = 16
03/25/2025 13:04:15 - INFO - __main__ -     Total train batch size (w. parallel, distributed & accumulation) = 64
03/25/2025 13:04:15 - INFO - __main__ -     Gradient Accumulation steps = 1
03/25/2025 13:04:15 - INFO - __main__ -     Total optimization steps = 39
03/25/2025 13:04:25 - INFO - __main__ -   Time: 9.04840903799959
03/25/2025 13:04:32 - INFO - __main__ -   Time: 7.771033086999523
03/25/2025 13:04:40 - INFO - __main__ -   Time: 7.614849986000081
03/25/2025 13:04:47 - INFO - __main__ -   Time: 7.288873776999935
03/25/2025 13:04:53 - INFO - __main__ -   Time: 6.210178905999783
03/25/2025 13:05:00 - INFO - __main__ -   Time: 6.506521507000798
03/25/2025 13:05:06 - INFO - __main__ -   Time: 6.199651371999607
03/25/2025 13:05:13 - INFO - __main__ -   Time: 7.004522512999756
03/25/2025 13:05:19 - INFO - __main__ -   Time: 6.258995053000035
03/25/2025 13:05:26 - INFO - __main__ -   Time: 6.1606896189996405
03/25/2025 13:05:32 - INFO - __main__ -   Time: 6.456440461999591
03/25/2025 13:05:38 - INFO - __main__ -   Time: 6.164284487999794
03/25/2025 13:05:44 - INFO - __main__ -   Time: 6.086659781999515
03/25/2025 13:05:51 - INFO - __main__ -   Time: 6.346353721000014
03/25/2025 13:05:57 - INFO - __main__ -   Time: 6.139531513000293
03/25/2025 13:06:03 - INFO - __main__ -   Time: 5.89671705300043
03/25/2025 13:06:09 - INFO - __main__ -   Time: 6.16118155499953
03/25/2025 13:06:15 - INFO - __main__ -   Time: 6.171773207000115
03/25/2025 13:06:21 - INFO - __main__ -   Time: 6.245812066999861
03/25/2025 13:06:28 - INFO - __main__ -   Time: 6.419407388999389
03/25/2025 13:06:34 - INFO - __main__ -   Time: 6.083442152999851
03/25/2025 13:06:40 - INFO - __main__ -   Time: 6.034608315999321
03/25/2025 13:06:46 - INFO - __main__ -   Time: 5.974446436999642
03/25/2025 13:06:52 - INFO - __main__ -   Time: 6.247399912999754
03/25/2025 13:06:58 - INFO - __main__ -   Time: 6.167303046999223
03/25/2025 13:07:04 - INFO - __main__ -   Time: 5.991228459999547
03/25/2025 13:07:11 - INFO - __main__ -   Time: 6.439967917999638
03/25/2025 13:07:17 - INFO - __main__ -   Time: 6.1104763720004485
03/25/2025 13:07:23 - INFO - __main__ -   Time: 6.20434556500004
03/25/2025 13:07:29 - INFO - __main__ -   Time: 5.924332408999362
03/25/2025 13:07:35 - INFO - __main__ -   Time: 6.020466818000386
03/25/2025 13:07:41 - INFO - __main__ -   Time: 6.313303007000286
03/25/2025 13:07:47 - INFO - __main__ -   Time: 5.986207411000578
03/25/2025 13:07:54 - INFO - __main__ -   Time: 6.707409655000447
03/25/2025 13:08:00 - INFO - __main__ -   Time: 6.263512890000129
03/25/2025 13:08:07 - INFO - __main__ -   Time: 6.786314476999905
03/25/2025 13:08:13 - INFO - __main__ -   Time: 6.275326648999908
03/25/2025 13:08:20 - INFO - __main__ -   Time: 6.617219251999813
03/25/2025 13:08:26 - INFO - __main__ -   Time: 6.017393854999682
03/25/2025 13:08:26 - INFO - __main__ -   Loading features from cached file /proj/cos568proj2-PG0/glue_data/RTE/cached_dev_bert-base-cased_128_rte
03/25/2025 13:08:26 - INFO - __main__ -   ***** Running evaluation  *****
03/25/2025 13:08:26 - INFO - __main__ -     Num examples = 277
03/25/2025 13:08:26 - INFO - __main__ -     Batch size = 8
03/25/2025 13:08:26 - INFO - __main__ -   loss: 0.6792740225791931
03/25/2025 13:08:27 - INFO - __main__ -   loss: 0.6594865322113037
03/25/2025 13:08:27 - INFO - __main__ -   loss: 0.6278610229492188
03/25/2025 13:08:27 - INFO - __main__ -   loss: 0.7215309143066406
03/25/2025 13:08:28 - INFO - __main__ -   loss: 0.7119662761688232
03/25/2025 13:08:28 - INFO - __main__ -   loss: 0.6950995922088623
03/25/2025 13:08:28 - INFO - __main__ -   loss: 0.6862903833389282
03/25/2025 13:08:29 - INFO - __main__ -   loss: 0.6751019954681396
03/25/2025 13:08:29 - INFO - __main__ -   loss: 0.6292955875396729
03/25/2025 13:08:29 - INFO - __main__ -   loss: 0.7162505984306335
03/25/2025 13:08:30 - INFO - __main__ -   loss: 0.6872202157974243
03/25/2025 13:08:30 - INFO - __main__ -   loss: 0.7055074572563171
03/25/2025 13:08:30 - INFO - __main__ -   loss: 0.65382319688797
03/25/2025 13:08:31 - INFO - __main__ -   loss: 0.609268844127655
03/25/2025 13:08:31 - INFO - __main__ -   loss: 0.6504175066947937
03/25/2025 13:08:31 - INFO - __main__ -   loss: 0.7686682939529419
03/25/2025 13:08:32 - INFO - __main__ -   loss: 0.6355128288269043
03/25/2025 13:08:32 - INFO - __main__ -   loss: 0.6749215722084045
03/25/2025 13:08:33 - INFO - __main__ -   loss: 0.6691346168518066
03/25/2025 13:08:33 - INFO - __main__ -   loss: 0.6421698331832886
03/25/2025 13:08:33 - INFO - __main__ -   loss: 0.7326953411102295
03/25/2025 13:08:34 - INFO - __main__ -   loss: 0.6275438070297241
03/25/2025 13:08:34 - INFO - __main__ -   loss: 0.6745201349258423
03/25/2025 13:08:34 - INFO - __main__ -   loss: 0.6563472151756287
03/25/2025 13:08:35 - INFO - __main__ -   loss: 0.7076627016067505
03/25/2025 13:08:35 - INFO - __main__ -   loss: 0.6605845093727112
03/25/2025 13:08:35 - INFO - __main__ -   loss: 0.6894660592079163
03/25/2025 13:08:36 - INFO - __main__ -   loss: 0.7039376497268677
03/25/2025 13:08:36 - INFO - __main__ -   loss: 0.6192374229431152
03/25/2025 13:08:36 - INFO - __main__ -   loss: 0.7024819254875183
03/25/2025 13:08:37 - INFO - __main__ -   loss: 0.6923795938491821
03/25/2025 13:08:37 - INFO - __main__ -   loss: 0.6996857523918152
03/25/2025 13:08:37 - INFO - __main__ -   loss: 0.6295852065086365
03/25/2025 13:08:38 - INFO - __main__ -   loss: 0.6898556351661682
03/25/2025 13:08:38 - INFO - __main__ -   loss: 0.6182768940925598
03/25/2025 13:08:38 - INFO - __main__ -   ***** Eval results  *****
03/25/2025 13:08:38 - INFO - __main__ -     acc = 0.5848375451263538
03/25/2025 13:08:38 - INFO - __main__ -   Average time (excluding 1st iteration): 6.349162675289359
03/25/2025 13:08:38 - INFO - __main__ -   All losses: [0.7578275203704834, 0.8156551122665405, 0.8053343892097473, 0.6981639862060547, 0.7548590898513794, 0.7134769558906555, 0.6706016063690186, 0.702377200126648, 0.7004828453063965, 0.7762758731842041, 0.6426709294319153, 0.6702829599380493, 0.6886625289916992, 0.6659002900123596, 0.7513876557350159, 0.716223955154419, 0.7070181369781494, 0.6726265549659729, 0.7133542895317078, 0.6855461597442627, 0.6801286935806274, 0.6922925114631653, 0.7572697997093201, 0.6359396576881409, 0.6955274939537048, 0.702045202255249, 0.6732689738273621, 0.6796047687530518, 0.6426556706428528, 0.6674258708953857, 0.6453572511672974, 0.647204577922821, 0.7489371299743652, 0.679203987121582, 0.7209844589233398, 0.729151725769043, 0.6776719689369202, 0.6735637187957764, 0.635870635509491]
03/25/2025 13:08:38 - INFO - __main__ -    global_step = 39, average loss = 0.6998162086193378
03/25/2025 13:08:40 - INFO - __main__ -   Loading features from cached file /proj/cos568proj2-PG0/glue_data/RTE/cached_dev_bert-base-cased_128_rte
03/25/2025 13:08:40 - INFO - __main__ -   ***** Running evaluation  *****
03/25/2025 13:08:40 - INFO - __main__ -     Num examples = 277
03/25/2025 13:08:40 - INFO - __main__ -     Batch size = 8
03/25/2025 13:08:40 - INFO - __main__ -   loss: 0.6792740225791931
03/25/2025 13:08:41 - INFO - __main__ -   loss: 0.6594865322113037
03/25/2025 13:08:41 - INFO - __main__ -   loss: 0.6278610229492188
03/25/2025 13:08:41 - INFO - __main__ -   loss: 0.7215309143066406
03/25/2025 13:08:42 - INFO - __main__ -   loss: 0.7119662761688232
03/25/2025 13:08:42 - INFO - __main__ -   loss: 0.6950995922088623
03/25/2025 13:08:42 - INFO - __main__ -   loss: 0.6862903833389282
03/25/2025 13:08:43 - INFO - __main__ -   loss: 0.6751019954681396
03/25/2025 13:08:43 - INFO - __main__ -   loss: 0.6292955875396729
03/25/2025 13:08:43 - INFO - __main__ -   loss: 0.7162505984306335
03/25/2025 13:08:44 - INFO - __main__ -   loss: 0.6872202157974243
03/25/2025 13:08:44 - INFO - __main__ -   loss: 0.7055074572563171
03/25/2025 13:08:44 - INFO - __main__ -   loss: 0.65382319688797
03/25/2025 13:08:45 - INFO - __main__ -   loss: 0.609268844127655
03/25/2025 13:08:45 - INFO - __main__ -   loss: 0.6504175066947937
03/25/2025 13:08:45 - INFO - __main__ -   loss: 0.7686682939529419
03/25/2025 13:08:46 - INFO - __main__ -   loss: 0.6355128288269043
03/25/2025 13:08:46 - INFO - __main__ -   loss: 0.6749215722084045
03/25/2025 13:08:46 - INFO - __main__ -   loss: 0.6691346168518066
03/25/2025 13:08:47 - INFO - __main__ -   loss: 0.6421698331832886
03/25/2025 13:08:47 - INFO - __main__ -   loss: 0.7326953411102295
03/25/2025 13:08:48 - INFO - __main__ -   loss: 0.6275438070297241
03/25/2025 13:08:48 - INFO - __main__ -   loss: 0.6745201349258423
03/25/2025 13:08:48 - INFO - __main__ -   loss: 0.6563472151756287
03/25/2025 13:08:49 - INFO - __main__ -   loss: 0.7076627016067505
03/25/2025 13:08:49 - INFO - __main__ -   loss: 0.6605845093727112
03/25/2025 13:08:49 - INFO - __main__ -   loss: 0.6894660592079163
03/25/2025 13:08:50 - INFO - __main__ -   loss: 0.7039376497268677
03/25/2025 13:08:50 - INFO - __main__ -   loss: 0.6192374229431152
03/25/2025 13:08:50 - INFO - __main__ -   loss: 0.7024819254875183
03/25/2025 13:08:51 - INFO - __main__ -   loss: 0.6923795938491821
03/25/2025 13:08:51 - INFO - __main__ -   loss: 0.6996857523918152
03/25/2025 13:08:51 - INFO - __main__ -   loss: 0.6295852065086365
03/25/2025 13:08:52 - INFO - __main__ -   loss: 0.6898556351661682
03/25/2025 13:08:52 - INFO - __main__ -   loss: 0.6182768940925598
03/25/2025 13:08:52 - INFO - __main__ -   ***** Eval results  *****
03/25/2025 13:08:52 - INFO - __main__ -     acc = 0.5848375451263538
