03/25/2025 13:46:14 - WARNING - __main__ -   Process rank: 2, device: cpu, distributed training: True, 16-bits training: False
03/25/2025 13:46:23 - INFO - pytorch_transformers.modeling_utils -   loading configuration file https://s3.amazonaws.com/models.huggingface.co/bert/bert-base-cased-config.json from cache at /users/yc6206/.cache/torch/pytorch_transformers/b945b69218e98b3e2c95acf911789741307dec43c698d35fad11c1ae28bda352.9da767be51e1327499df13488672789394e2ca38b877837e52618a67d7002391
03/25/2025 13:46:23 - INFO - pytorch_transformers.modeling_utils -   Model config {
  "architectures": [
    "BertForMaskedLM"
  ],
  "attention_probs_dropout_prob": 0.1,
  "finetuning_task": "rte",
  "hidden_act": "gelu",
  "hidden_dropout_prob": 0.1,
  "hidden_size": 768,
  "initializer_range": 0.02,
  "intermediate_size": 3072,
  "layer_norm_eps": 1e-12,
  "max_position_embeddings": 512,
  "model_type": "bert",
  "num_attention_heads": 12,
  "num_hidden_layers": 12,
  "num_labels": 2,
  "output_attentions": false,
  "output_hidden_states": false,
  "pad_token_id": 0,
  "pruned_heads": {},
  "torchscript": false,
  "type_vocab_size": 2,
  "vocab_size": 28996
}

03/25/2025 13:46:24 - INFO - pytorch_transformers.tokenization_utils -   loading file https://s3.amazonaws.com/models.huggingface.co/bert/bert-base-cased-vocab.txt from cache at /users/yc6206/.cache/torch/pytorch_transformers/5e8a2b4893d13790ed4150ca1906be5f7a03d6c4ddf62296c383f6db42814db2.e13dbb970cb325137104fb2e5f36fe865f27746c6b526f6352861b1980eb80b1
03/25/2025 13:46:24 - INFO - pytorch_transformers.modeling_utils -   loading weights file https://s3.amazonaws.com/models.huggingface.co/bert/bert-base-cased-pytorch_model.bin from cache at /users/yc6206/.cache/torch/pytorch_transformers/35d8b9d36faaf46728a0192d82bf7d00137490cd6074e8500778afed552a67e5.3fadbea36527ae472139fe84cddaa65454d7429f12d543d80bfc3ad70de55ac2
03/25/2025 13:46:33 - INFO - pytorch_transformers.modeling_utils -   Weights of BertForSequenceClassification not initialized from pretrained model: ['classifier.weight', 'classifier.bias']
03/25/2025 13:46:33 - INFO - pytorch_transformers.modeling_utils -   Weights from pretrained model not used in BertForSequenceClassification: ['cls.predictions.bias', 'cls.predictions.transform.dense.weight', 'cls.predictions.transform.dense.bias', 'cls.predictions.decoder.weight', 'cls.seq_relationship.weight', 'cls.seq_relationship.bias', 'cls.predictions.transform.LayerNorm.weight', 'cls.predictions.transform.LayerNorm.bias']
03/25/2025 13:46:33 - INFO - __main__ -   Training/evaluation parameters Namespace(data_dir='/proj/cos568proj2-PG0/glue_data/RTE', model_type='bert', model_name_or_path='bert-base-cased', task_name='rte', output_dir='/tmp/RTE/', config_name='', tokenizer_name='', cache_dir='', max_seq_length=128, do_train=True, do_eval=True, do_lower_case=False, per_device_train_batch_size=16, per_device_eval_batch_size=8, gradient_accumulation_steps=1, learning_rate=2e-05, weight_decay=0.0, adam_epsilon=1e-08, max_grad_norm=1.0, num_train_epochs=1.0, max_steps=-1, warmup_steps=0, no_cuda=False, overwrite_output_dir=True, overwrite_cache=False, seed=42, fp16=False, fp16_opt_level='O1', local_rank=2, master_ip='10.10.1.2', master_port='12345', world_size=4, device=device(type='cpu'), n_gpu=0, output_mode='classification')
03/25/2025 13:46:33 - INFO - __main__ -   Loading features from cached file /proj/cos568proj2-PG0/glue_data/RTE/cached_train_bert-base-cased_128_rte
03/25/2025 13:46:35 - INFO - __main__ -   ***** Running training *****
03/25/2025 13:46:35 - INFO - __main__ -     Num examples = 2490
03/25/2025 13:46:35 - INFO - __main__ -     Num Epochs = 1
03/25/2025 13:46:35 - INFO - __main__ -     Instantaneous batch size per device = 16
03/25/2025 13:46:35 - INFO - __main__ -     Total train batch size (w. parallel, distributed & accumulation) = 64
03/25/2025 13:46:35 - INFO - __main__ -     Gradient Accumulation steps = 1
03/25/2025 13:46:35 - INFO - __main__ -     Total optimization steps = 39
03/25/2025 13:46:40 - INFO - __main__ -   Time: 5.606516065001415
03/25/2025 13:46:46 - INFO - __main__ -   Time: 5.157817276998685
03/25/2025 13:46:50 - INFO - __main__ -   Time: 4.043973743000606
03/25/2025 13:46:54 - INFO - __main__ -   Time: 4.066121870999268
03/25/2025 13:46:57 - INFO - __main__ -   Time: 3.4208462510014215
03/25/2025 13:47:01 - INFO - __main__ -   Time: 3.6713372169997456
03/25/2025 13:47:04 - INFO - __main__ -   Time: 3.5861629110004287
03/25/2025 13:47:08 - INFO - __main__ -   Time: 3.654752909000308
03/25/2025 13:47:11 - INFO - __main__ -   Time: 3.2900065909998375
03/25/2025 13:47:15 - INFO - __main__ -   Time: 3.383446339001239
03/25/2025 13:47:18 - INFO - __main__ -   Time: 3.378084948000833
03/25/2025 13:47:21 - INFO - __main__ -   Time: 3.4706382709991885
03/25/2025 13:47:25 - INFO - __main__ -   Time: 3.5099407489997247
03/25/2025 13:47:28 - INFO - __main__ -   Time: 3.451965606000158
03/25/2025 13:47:32 - INFO - __main__ -   Time: 3.2546316200005094
03/25/2025 13:47:35 - INFO - __main__ -   Time: 3.23069925100026
03/25/2025 13:47:38 - INFO - __main__ -   Time: 3.1645834499995544
03/25/2025 13:47:41 - INFO - __main__ -   Time: 3.285809117000099
03/25/2025 13:47:45 - INFO - __main__ -   Time: 3.229948168998817
03/25/2025 13:47:48 - INFO - __main__ -   Time: 3.279734470001131
03/25/2025 13:47:51 - INFO - __main__ -   Time: 3.230167394998716
03/25/2025 13:47:54 - INFO - __main__ -   Time: 3.2447352230010438
03/25/2025 13:47:58 - INFO - __main__ -   Time: 3.2593249849996937
03/25/2025 13:48:01 - INFO - __main__ -   Time: 3.275898555999447
03/25/2025 13:48:04 - INFO - __main__ -   Time: 3.322714451000138
03/25/2025 13:48:08 - INFO - __main__ -   Time: 3.4647391739999875
03/25/2025 13:48:11 - INFO - __main__ -   Time: 3.667067822001627
03/25/2025 13:48:15 - INFO - __main__ -   Time: 3.4429780520003987
03/25/2025 13:48:18 - INFO - __main__ -   Time: 3.376731528000164
03/25/2025 13:48:21 - INFO - __main__ -   Time: 3.145763270000316
03/25/2025 13:48:25 - INFO - __main__ -   Time: 3.189976093999576
03/25/2025 13:48:28 - INFO - __main__ -   Time: 3.182757678001508
03/25/2025 13:48:31 - INFO - __main__ -   Time: 3.187810494000587
03/25/2025 13:48:34 - INFO - __main__ -   Time: 3.187807274000079
03/25/2025 13:48:37 - INFO - __main__ -   Time: 3.1951447100000223
03/25/2025 13:48:41 - INFO - __main__ -   Time: 3.245750911999494
03/25/2025 13:48:44 - INFO - __main__ -   Time: 3.351501240000289
03/25/2025 13:48:47 - INFO - __main__ -   Time: 3.3701208100010263
03/25/2025 13:48:50 - INFO - __main__ -   Time: 3.1219784369986883
03/25/2025 13:48:50 - INFO - __main__ -   Loading features from cached file /proj/cos568proj2-PG0/glue_data/RTE/cached_dev_bert-base-cased_128_rte
03/25/2025 13:48:50 - INFO - __main__ -   ***** Running evaluation  *****
03/25/2025 13:48:50 - INFO - __main__ -     Num examples = 277
03/25/2025 13:48:50 - INFO - __main__ -     Batch size = 8
03/25/2025 13:48:51 - INFO - __main__ -   loss: 0.6792739629745483
03/25/2025 13:48:51 - INFO - __main__ -   loss: 0.6594865918159485
03/25/2025 13:48:52 - INFO - __main__ -   loss: 0.627860963344574
03/25/2025 13:48:52 - INFO - __main__ -   loss: 0.7215308547019958
03/25/2025 13:48:52 - INFO - __main__ -   loss: 0.7119660973548889
03/25/2025 13:48:53 - INFO - __main__ -   loss: 0.6950995326042175
03/25/2025 13:48:53 - INFO - __main__ -   loss: 0.6862902641296387
03/25/2025 13:48:53 - INFO - __main__ -   loss: 0.6751022338867188
03/25/2025 13:48:54 - INFO - __main__ -   loss: 0.6292954683303833
03/25/2025 13:48:54 - INFO - __main__ -   loss: 0.7162505388259888
03/25/2025 13:48:54 - INFO - __main__ -   loss: 0.6872202754020691
03/25/2025 13:48:55 - INFO - __main__ -   loss: 0.7055076360702515
03/25/2025 13:48:55 - INFO - __main__ -   loss: 0.6538232564926147
03/25/2025 13:48:55 - INFO - __main__ -   loss: 0.6092687845230103
03/25/2025 13:48:56 - INFO - __main__ -   loss: 0.6504174470901489
03/25/2025 13:48:56 - INFO - __main__ -   loss: 0.7686682939529419
03/25/2025 13:48:56 - INFO - __main__ -   loss: 0.6355127096176147
03/25/2025 13:48:57 - INFO - __main__ -   loss: 0.6749213933944702
03/25/2025 13:48:57 - INFO - __main__ -   loss: 0.6691347360610962
03/25/2025 13:48:57 - INFO - __main__ -   loss: 0.6421696543693542
03/25/2025 13:48:58 - INFO - __main__ -   loss: 0.7326954007148743
03/25/2025 13:48:58 - INFO - __main__ -   loss: 0.6275437474250793
03/25/2025 13:48:59 - INFO - __main__ -   loss: 0.6745201945304871
03/25/2025 13:48:59 - INFO - __main__ -   loss: 0.6563470363616943
03/25/2025 13:48:59 - INFO - __main__ -   loss: 0.7076627016067505
03/25/2025 13:49:00 - INFO - __main__ -   loss: 0.6605845093727112
03/25/2025 13:49:00 - INFO - __main__ -   loss: 0.689466118812561
03/25/2025 13:49:00 - INFO - __main__ -   loss: 0.7039375901222229
03/25/2025 13:49:01 - INFO - __main__ -   loss: 0.6192373037338257
03/25/2025 13:49:01 - INFO - __main__ -   loss: 0.7024820446968079
03/25/2025 13:49:01 - INFO - __main__ -   loss: 0.6923796534538269
03/25/2025 13:49:02 - INFO - __main__ -   loss: 0.6996857523918152
03/25/2025 13:49:02 - INFO - __main__ -   loss: 0.6295850872993469
03/25/2025 13:49:02 - INFO - __main__ -   loss: 0.6898555755615234
03/25/2025 13:49:03 - INFO - __main__ -   loss: 0.6182767748832703
03/25/2025 13:49:03 - INFO - __main__ -   ***** Eval results  *****
03/25/2025 13:49:03 - INFO - __main__ -     acc = 0.5848375451263538
03/25/2025 13:49:03 - INFO - __main__ -   Average time (excluding 1st iteration): 3.4208807596053847
03/25/2025 13:49:03 - INFO - __main__ -   All losses: [0.5530808568000793, 0.6892461776733398, 0.7689692378044128, 0.7256665825843811, 0.8518426418304443, 0.7058591842651367, 0.7204436659812927, 0.7941124439239502, 0.7188078761100769, 0.8488614559173584, 0.7031823396682739, 0.7063008546829224, 0.6562879681587219, 0.7003402709960938, 0.6480094790458679, 0.6983512043952942, 0.6514368653297424, 0.7264741659164429, 0.7365930080413818, 0.7362323999404907, 0.7385478019714355, 0.6347148418426514, 0.7063145637512207, 0.6513935327529907, 0.7146179676055908, 0.7317670583724976, 0.6754963397979736, 0.7017852663993835, 0.6575089693069458, 0.7614235281944275, 0.711035430431366, 0.7091110944747925, 0.7624406814575195, 0.67230224609375, 0.6834725737571716, 0.6635993123054504, 0.7038931846618652, 0.6626905798912048, 0.6588394641876221]
03/25/2025 13:49:03 - INFO - __main__ -    global_step = 39, average loss = 0.7061808491364504
03/25/2025 13:49:03 - INFO - __main__ -   Loading features from cached file /proj/cos568proj2-PG0/glue_data/RTE/cached_dev_bert-base-cased_128_rte
03/25/2025 13:49:03 - INFO - __main__ -   ***** Running evaluation  *****
03/25/2025 13:49:03 - INFO - __main__ -     Num examples = 277
03/25/2025 13:49:03 - INFO - __main__ -     Batch size = 8
03/25/2025 13:49:03 - INFO - __main__ -   loss: 0.6792739629745483
03/25/2025 13:49:04 - INFO - __main__ -   loss: 0.6594865918159485
03/25/2025 13:49:04 - INFO - __main__ -   loss: 0.627860963344574
03/25/2025 13:49:04 - INFO - __main__ -   loss: 0.7215308547019958
03/25/2025 13:49:05 - INFO - __main__ -   loss: 0.7119660973548889
03/25/2025 13:49:05 - INFO - __main__ -   loss: 0.6950995326042175
03/25/2025 13:49:05 - INFO - __main__ -   loss: 0.6862902641296387
03/25/2025 13:49:06 - INFO - __main__ -   loss: 0.6751022338867188
03/25/2025 13:49:06 - INFO - __main__ -   loss: 0.6292954683303833
03/25/2025 13:49:07 - INFO - __main__ -   loss: 0.7162505388259888
03/25/2025 13:49:07 - INFO - __main__ -   loss: 0.6872202754020691
03/25/2025 13:49:07 - INFO - __main__ -   loss: 0.7055076360702515
03/25/2025 13:49:08 - INFO - __main__ -   loss: 0.6538232564926147
03/25/2025 13:49:08 - INFO - __main__ -   loss: 0.6092687845230103
03/25/2025 13:49:08 - INFO - __main__ -   loss: 0.6504174470901489
03/25/2025 13:49:09 - INFO - __main__ -   loss: 0.7686682939529419
03/25/2025 13:49:09 - INFO - __main__ -   loss: 0.6355127096176147
03/25/2025 13:49:09 - INFO - __main__ -   loss: 0.6749213933944702
03/25/2025 13:49:10 - INFO - __main__ -   loss: 0.6691347360610962
03/25/2025 13:49:10 - INFO - __main__ -   loss: 0.6421696543693542
03/25/2025 13:49:10 - INFO - __main__ -   loss: 0.7326954007148743
03/25/2025 13:49:11 - INFO - __main__ -   loss: 0.6275437474250793
03/25/2025 13:49:11 - INFO - __main__ -   loss: 0.6745201945304871
03/25/2025 13:49:12 - INFO - __main__ -   loss: 0.6563470363616943
03/25/2025 13:49:12 - INFO - __main__ -   loss: 0.7076627016067505
03/25/2025 13:49:12 - INFO - __main__ -   loss: 0.6605845093727112
03/25/2025 13:49:13 - INFO - __main__ -   loss: 0.689466118812561
03/25/2025 13:49:13 - INFO - __main__ -   loss: 0.7039375901222229
03/25/2025 13:49:13 - INFO - __main__ -   loss: 0.6192373037338257
03/25/2025 13:49:14 - INFO - __main__ -   loss: 0.7024820446968079
03/25/2025 13:49:14 - INFO - __main__ -   loss: 0.6923796534538269
03/25/2025 13:49:14 - INFO - __main__ -   loss: 0.6996857523918152
03/25/2025 13:49:15 - INFO - __main__ -   loss: 0.6295850872993469
03/25/2025 13:49:15 - INFO - __main__ -   loss: 0.6898555755615234
03/25/2025 13:49:15 - INFO - __main__ -   loss: 0.6182767748832703
03/25/2025 13:49:15 - INFO - __main__ -   ***** Eval results  *****
03/25/2025 13:49:15 - INFO - __main__ -     acc = 0.5848375451263538
