03/25/2025 13:46:14 - WARNING - __main__ -   Process rank: 0, device: cpu, distributed training: True, 16-bits training: False
03/25/2025 13:46:14 - INFO - pytorch_transformers.modeling_utils -   loading configuration file https://s3.amazonaws.com/models.huggingface.co/bert/bert-base-cased-config.json from cache at /users/yc6206/.cache/torch/pytorch_transformers/b945b69218e98b3e2c95acf911789741307dec43c698d35fad11c1ae28bda352.9da767be51e1327499df13488672789394e2ca38b877837e52618a67d7002391
03/25/2025 13:46:14 - INFO - pytorch_transformers.modeling_utils -   Model config {
  "architectures": [
    "BertForMaskedLM"
  ],
  "attention_probs_dropout_prob": 0.1,
  "finetuning_task": "rte",
  "hidden_act": "gelu",
  "hidden_dropout_prob": 0.1,
  "hidden_size": 768,
  "initializer_range": 0.02,
  "intermediate_size": 3072,
  "layer_norm_eps": 1e-12,
  "max_position_embeddings": 512,
  "model_type": "bert",
  "num_attention_heads": 12,
  "num_hidden_layers": 12,
  "num_labels": 2,
  "output_attentions": false,
  "output_hidden_states": false,
  "pad_token_id": 0,
  "pruned_heads": {},
  "torchscript": false,
  "type_vocab_size": 2,
  "vocab_size": 28996
}

03/25/2025 13:46:14 - INFO - pytorch_transformers.tokenization_utils -   loading file https://s3.amazonaws.com/models.huggingface.co/bert/bert-base-cased-vocab.txt from cache at /users/yc6206/.cache/torch/pytorch_transformers/5e8a2b4893d13790ed4150ca1906be5f7a03d6c4ddf62296c383f6db42814db2.e13dbb970cb325137104fb2e5f36fe865f27746c6b526f6352861b1980eb80b1
03/25/2025 13:46:14 - INFO - pytorch_transformers.modeling_utils -   loading weights file https://s3.amazonaws.com/models.huggingface.co/bert/bert-base-cased-pytorch_model.bin from cache at /users/yc6206/.cache/torch/pytorch_transformers/35d8b9d36faaf46728a0192d82bf7d00137490cd6074e8500778afed552a67e5.3fadbea36527ae472139fe84cddaa65454d7429f12d543d80bfc3ad70de55ac2
03/25/2025 13:46:23 - INFO - pytorch_transformers.modeling_utils -   Weights of BertForSequenceClassification not initialized from pretrained model: ['classifier.weight', 'classifier.bias']
03/25/2025 13:46:23 - INFO - pytorch_transformers.modeling_utils -   Weights from pretrained model not used in BertForSequenceClassification: ['cls.predictions.bias', 'cls.predictions.transform.dense.weight', 'cls.predictions.transform.dense.bias', 'cls.predictions.decoder.weight', 'cls.seq_relationship.weight', 'cls.seq_relationship.bias', 'cls.predictions.transform.LayerNorm.weight', 'cls.predictions.transform.LayerNorm.bias']
03/25/2025 13:46:23 - INFO - __main__ -   Training/evaluation parameters Namespace(data_dir='/proj/cos568proj2-PG0/glue_data/RTE', model_type='bert', model_name_or_path='bert-base-cased', task_name='rte', output_dir='/tmp/RTE/', config_name='', tokenizer_name='', cache_dir='', max_seq_length=128, do_train=True, do_eval=True, do_lower_case=False, per_device_train_batch_size=16, per_device_eval_batch_size=8, gradient_accumulation_steps=1, learning_rate=2e-05, weight_decay=0.0, adam_epsilon=1e-08, max_grad_norm=1.0, num_train_epochs=1.0, max_steps=-1, warmup_steps=0, no_cuda=False, overwrite_output_dir=True, overwrite_cache=False, seed=42, fp16=False, fp16_opt_level='O1', local_rank=0, master_ip='10.10.1.2', master_port='12345', world_size=4, device=device(type='cpu'), n_gpu=0, output_mode='classification')
03/25/2025 13:46:23 - INFO - __main__ -   Loading features from cached file /proj/cos568proj2-PG0/glue_data/RTE/cached_train_bert-base-cased_128_rte
03/25/2025 13:46:35 - INFO - __main__ -   ***** Running training *****
03/25/2025 13:46:35 - INFO - __main__ -     Num examples = 2490
03/25/2025 13:46:35 - INFO - __main__ -     Num Epochs = 1
03/25/2025 13:46:35 - INFO - __main__ -     Instantaneous batch size per device = 16
03/25/2025 13:46:35 - INFO - __main__ -     Total train batch size (w. parallel, distributed & accumulation) = 64
03/25/2025 13:46:35 - INFO - __main__ -     Gradient Accumulation steps = 1
03/25/2025 13:46:35 - INFO - __main__ -     Total optimization steps = 39
03/25/2025 13:46:40 - INFO - __main__ -   Time: 5.927239155998905
03/25/2025 13:46:45 - INFO - __main__ -   Time: 5.0103696289988875
03/25/2025 13:46:49 - INFO - __main__ -   Time: 3.985343083999396
03/25/2025 13:46:54 - INFO - __main__ -   Time: 4.1625932850001846
03/25/2025 13:46:57 - INFO - __main__ -   Time: 3.4264979350009526
03/25/2025 13:47:01 - INFO - __main__ -   Time: 3.642603295000299
03/25/2025 13:47:04 - INFO - __main__ -   Time: 3.6495207759999175
03/25/2025 13:47:08 - INFO - __main__ -   Time: 3.5575330150004447
03/25/2025 13:47:11 - INFO - __main__ -   Time: 3.2967320239986293
03/25/2025 13:47:15 - INFO - __main__ -   Time: 3.3756937260004634
03/25/2025 13:47:18 - INFO - __main__ -   Time: 3.3982734189994517
03/25/2025 13:47:21 - INFO - __main__ -   Time: 3.4889711499999976
03/25/2025 13:47:25 - INFO - __main__ -   Time: 3.5109736060003343
03/25/2025 13:47:28 - INFO - __main__ -   Time: 3.4335510969995084
03/25/2025 13:47:32 - INFO - __main__ -   Time: 3.225329299000805
03/25/2025 13:47:35 - INFO - __main__ -   Time: 3.2721279340003093
03/25/2025 13:47:38 - INFO - __main__ -   Time: 3.1832204580005055
03/25/2025 13:47:41 - INFO - __main__ -   Time: 3.267097547000958
03/25/2025 13:47:45 - INFO - __main__ -   Time: 3.208340847000727
03/25/2025 13:47:48 - INFO - __main__ -   Time: 3.2907705010002246
03/25/2025 13:47:51 - INFO - __main__ -   Time: 3.2715678369986563
03/25/2025 13:47:54 - INFO - __main__ -   Time: 3.2062354199988476
03/25/2025 13:47:58 - INFO - __main__ -   Time: 3.2689422209987242
03/25/2025 13:48:01 - INFO - __main__ -   Time: 3.267553409001266
03/25/2025 13:48:04 - INFO - __main__ -   Time: 3.3299701100004313
03/25/2025 13:48:08 - INFO - __main__ -   Time: 3.501318935999734
03/25/2025 13:48:11 - INFO - __main__ -   Time: 3.6409383000009257
03/25/2025 13:48:15 - INFO - __main__ -   Time: 3.463231817000633
03/25/2025 13:48:18 - INFO - __main__ -   Time: 3.3386823540004116
03/25/2025 13:48:21 - INFO - __main__ -   Time: 3.1432245659998443
03/25/2025 13:48:25 - INFO - __main__ -   Time: 3.1945470119990205
03/25/2025 13:48:28 - INFO - __main__ -   Time: 3.1762836590005463
03/25/2025 13:48:31 - INFO - __main__ -   Time: 3.194470309999815
03/25/2025 13:48:34 - INFO - __main__ -   Time: 3.189004058998762
03/25/2025 13:48:37 - INFO - __main__ -   Time: 3.1758157730000676
03/25/2025 13:48:41 - INFO - __main__ -   Time: 3.2707686640005704
03/25/2025 13:48:44 - INFO - __main__ -   Time: 3.340612861000409
03/25/2025 13:48:47 - INFO - __main__ -   Time: 3.3899577270003647
03/25/2025 13:48:50 - INFO - __main__ -   Time: 3.112523894998958
03/25/2025 13:48:50 - INFO - __main__ -   Loading features from cached file /proj/cos568proj2-PG0/glue_data/RTE/cached_dev_bert-base-cased_128_rte
03/25/2025 13:48:50 - INFO - __main__ -   ***** Running evaluation  *****
03/25/2025 13:48:50 - INFO - __main__ -     Num examples = 277
03/25/2025 13:48:50 - INFO - __main__ -     Batch size = 8
03/25/2025 13:48:51 - INFO - __main__ -   loss: 0.6792739629745483
03/25/2025 13:48:51 - INFO - __main__ -   loss: 0.6594865918159485
03/25/2025 13:48:52 - INFO - __main__ -   loss: 0.627860963344574
03/25/2025 13:48:52 - INFO - __main__ -   loss: 0.7215308547019958
03/25/2025 13:48:52 - INFO - __main__ -   loss: 0.7119660973548889
03/25/2025 13:48:53 - INFO - __main__ -   loss: 0.6950995326042175
03/25/2025 13:48:53 - INFO - __main__ -   loss: 0.6862902641296387
03/25/2025 13:48:53 - INFO - __main__ -   loss: 0.6751022338867188
03/25/2025 13:48:54 - INFO - __main__ -   loss: 0.6292954683303833
03/25/2025 13:48:54 - INFO - __main__ -   loss: 0.7162505388259888
03/25/2025 13:48:54 - INFO - __main__ -   loss: 0.6872202754020691
03/25/2025 13:48:55 - INFO - __main__ -   loss: 0.7055076360702515
03/25/2025 13:48:55 - INFO - __main__ -   loss: 0.6538232564926147
03/25/2025 13:48:55 - INFO - __main__ -   loss: 0.6092687845230103
03/25/2025 13:48:56 - INFO - __main__ -   loss: 0.6504174470901489
03/25/2025 13:48:56 - INFO - __main__ -   loss: 0.7686682939529419
03/25/2025 13:48:56 - INFO - __main__ -   loss: 0.6355127096176147
03/25/2025 13:48:57 - INFO - __main__ -   loss: 0.6749213933944702
03/25/2025 13:48:57 - INFO - __main__ -   loss: 0.6691347360610962
03/25/2025 13:48:58 - INFO - __main__ -   loss: 0.6421696543693542
03/25/2025 13:48:58 - INFO - __main__ -   loss: 0.7326954007148743
03/25/2025 13:48:58 - INFO - __main__ -   loss: 0.6275437474250793
03/25/2025 13:48:59 - INFO - __main__ -   loss: 0.6745201945304871
03/25/2025 13:48:59 - INFO - __main__ -   loss: 0.6563470363616943
03/25/2025 13:48:59 - INFO - __main__ -   loss: 0.7076627016067505
03/25/2025 13:49:00 - INFO - __main__ -   loss: 0.6605845093727112
03/25/2025 13:49:00 - INFO - __main__ -   loss: 0.689466118812561
03/25/2025 13:49:00 - INFO - __main__ -   loss: 0.7039375901222229
03/25/2025 13:49:01 - INFO - __main__ -   loss: 0.6192373037338257
03/25/2025 13:49:01 - INFO - __main__ -   loss: 0.7024820446968079
03/25/2025 13:49:01 - INFO - __main__ -   loss: 0.6923796534538269
03/25/2025 13:49:02 - INFO - __main__ -   loss: 0.6996857523918152
03/25/2025 13:49:02 - INFO - __main__ -   loss: 0.6295850872993469
03/25/2025 13:49:03 - INFO - __main__ -   loss: 0.6898555755615234
03/25/2025 13:49:03 - INFO - __main__ -   loss: 0.6182767748832703
03/25/2025 13:49:03 - INFO - __main__ -   ***** Eval results  *****
03/25/2025 13:49:03 - INFO - __main__ -     acc = 0.5848375451263538
03/25/2025 13:49:03 - INFO - __main__ -   Average time (excluding 1st iteration): 3.417399777815789
03/25/2025 13:49:03 - INFO - __main__ -   All losses: [1.018057942390442, 0.6952906847000122, 0.8160675764083862, 0.7403618097305298, 0.7822906970977783, 0.659462034702301, 0.7071762084960938, 0.8006577491760254, 0.7137321829795837, 0.691112756729126, 0.6000024676322937, 0.7047321796417236, 0.6462074518203735, 0.7329298853874207, 0.7331180572509766, 0.7025769352912903, 0.6115591526031494, 0.6336898803710938, 0.6460460424423218, 0.6966320276260376, 0.6604979038238525, 0.7372847199440002, 0.6965783834457397, 0.7313647866249084, 0.6848758459091187, 0.6645521521568298, 0.6647493243217468, 0.7024744153022766, 0.6922517418861389, 0.6206283569335938, 0.6818405389785767, 0.7319072484970093, 0.6142971515655518, 0.7670038342475891, 0.7073618769645691, 0.6979905962944031, 0.7262431383132935, 0.7029719948768616, 0.6301087737083435]
03/25/2025 13:49:03 - INFO - __main__ -    global_step = 39, average loss = 0.7037611924684964
03/25/2025 13:49:03 - INFO - __main__ -   Loading features from cached file /proj/cos568proj2-PG0/glue_data/RTE/cached_dev_bert-base-cased_128_rte
03/25/2025 13:49:03 - INFO - __main__ -   ***** Running evaluation  *****
03/25/2025 13:49:03 - INFO - __main__ -     Num examples = 277
03/25/2025 13:49:03 - INFO - __main__ -     Batch size = 8
03/25/2025 13:49:03 - INFO - __main__ -   loss: 0.6792739629745483
03/25/2025 13:49:04 - INFO - __main__ -   loss: 0.6594865918159485
03/25/2025 13:49:04 - INFO - __main__ -   loss: 0.627860963344574
03/25/2025 13:49:04 - INFO - __main__ -   loss: 0.7215308547019958
03/25/2025 13:49:05 - INFO - __main__ -   loss: 0.7119660973548889
03/25/2025 13:49:05 - INFO - __main__ -   loss: 0.6950995326042175
03/25/2025 13:49:05 - INFO - __main__ -   loss: 0.6862902641296387
03/25/2025 13:49:06 - INFO - __main__ -   loss: 0.6751022338867188
03/25/2025 13:49:06 - INFO - __main__ -   loss: 0.6292954683303833
03/25/2025 13:49:07 - INFO - __main__ -   loss: 0.7162505388259888
03/25/2025 13:49:07 - INFO - __main__ -   loss: 0.6872202754020691
03/25/2025 13:49:07 - INFO - __main__ -   loss: 0.7055076360702515
03/25/2025 13:49:08 - INFO - __main__ -   loss: 0.6538232564926147
03/25/2025 13:49:08 - INFO - __main__ -   loss: 0.6092687845230103
03/25/2025 13:49:08 - INFO - __main__ -   loss: 0.6504174470901489
03/25/2025 13:49:09 - INFO - __main__ -   loss: 0.7686682939529419
03/25/2025 13:49:09 - INFO - __main__ -   loss: 0.6355127096176147
03/25/2025 13:49:09 - INFO - __main__ -   loss: 0.6749213933944702
03/25/2025 13:49:10 - INFO - __main__ -   loss: 0.6691347360610962
03/25/2025 13:49:10 - INFO - __main__ -   loss: 0.6421696543693542
03/25/2025 13:49:10 - INFO - __main__ -   loss: 0.7326954007148743
03/25/2025 13:49:11 - INFO - __main__ -   loss: 0.6275437474250793
03/25/2025 13:49:11 - INFO - __main__ -   loss: 0.6745201945304871
03/25/2025 13:49:11 - INFO - __main__ -   loss: 0.6563470363616943
03/25/2025 13:49:12 - INFO - __main__ -   loss: 0.7076627016067505
03/25/2025 13:49:12 - INFO - __main__ -   loss: 0.6605845093727112
03/25/2025 13:49:12 - INFO - __main__ -   loss: 0.689466118812561
03/25/2025 13:49:13 - INFO - __main__ -   loss: 0.7039375901222229
03/25/2025 13:49:13 - INFO - __main__ -   loss: 0.6192373037338257
03/25/2025 13:49:13 - INFO - __main__ -   loss: 0.7024820446968079
03/25/2025 13:49:14 - INFO - __main__ -   loss: 0.6923796534538269
03/25/2025 13:49:14 - INFO - __main__ -   loss: 0.6996857523918152
03/25/2025 13:49:15 - INFO - __main__ -   loss: 0.6295850872993469
03/25/2025 13:49:15 - INFO - __main__ -   loss: 0.6898555755615234
03/25/2025 13:49:15 - INFO - __main__ -   loss: 0.6182767748832703
03/25/2025 13:49:15 - INFO - __main__ -   ***** Eval results  *****
03/25/2025 13:49:15 - INFO - __main__ -     acc = 0.5848375451263538
