03/25/2025 13:46:14 - WARNING - __main__ -   Process rank: 3, device: cpu, distributed training: True, 16-bits training: False
03/25/2025 13:46:23 - INFO - pytorch_transformers.modeling_utils -   loading configuration file https://s3.amazonaws.com/models.huggingface.co/bert/bert-base-cased-config.json from cache at /users/yc6206/.cache/torch/pytorch_transformers/b945b69218e98b3e2c95acf911789741307dec43c698d35fad11c1ae28bda352.9da767be51e1327499df13488672789394e2ca38b877837e52618a67d7002391
03/25/2025 13:46:23 - INFO - pytorch_transformers.modeling_utils -   Model config {
  "architectures": [
    "BertForMaskedLM"
  ],
  "attention_probs_dropout_prob": 0.1,
  "finetuning_task": "rte",
  "hidden_act": "gelu",
  "hidden_dropout_prob": 0.1,
  "hidden_size": 768,
  "initializer_range": 0.02,
  "intermediate_size": 3072,
  "layer_norm_eps": 1e-12,
  "max_position_embeddings": 512,
  "model_type": "bert",
  "num_attention_heads": 12,
  "num_hidden_layers": 12,
  "num_labels": 2,
  "output_attentions": false,
  "output_hidden_states": false,
  "pad_token_id": 0,
  "pruned_heads": {},
  "torchscript": false,
  "type_vocab_size": 2,
  "vocab_size": 28996
}

03/25/2025 13:46:24 - INFO - pytorch_transformers.tokenization_utils -   loading file https://s3.amazonaws.com/models.huggingface.co/bert/bert-base-cased-vocab.txt from cache at /users/yc6206/.cache/torch/pytorch_transformers/5e8a2b4893d13790ed4150ca1906be5f7a03d6c4ddf62296c383f6db42814db2.e13dbb970cb325137104fb2e5f36fe865f27746c6b526f6352861b1980eb80b1
03/25/2025 13:46:24 - INFO - pytorch_transformers.modeling_utils -   loading weights file https://s3.amazonaws.com/models.huggingface.co/bert/bert-base-cased-pytorch_model.bin from cache at /users/yc6206/.cache/torch/pytorch_transformers/35d8b9d36faaf46728a0192d82bf7d00137490cd6074e8500778afed552a67e5.3fadbea36527ae472139fe84cddaa65454d7429f12d543d80bfc3ad70de55ac2
03/25/2025 13:46:33 - INFO - pytorch_transformers.modeling_utils -   Weights of BertForSequenceClassification not initialized from pretrained model: ['classifier.weight', 'classifier.bias']
03/25/2025 13:46:33 - INFO - pytorch_transformers.modeling_utils -   Weights from pretrained model not used in BertForSequenceClassification: ['cls.predictions.bias', 'cls.predictions.transform.dense.weight', 'cls.predictions.transform.dense.bias', 'cls.predictions.decoder.weight', 'cls.seq_relationship.weight', 'cls.seq_relationship.bias', 'cls.predictions.transform.LayerNorm.weight', 'cls.predictions.transform.LayerNorm.bias']
03/25/2025 13:46:33 - INFO - __main__ -   Training/evaluation parameters Namespace(data_dir='/proj/cos568proj2-PG0/glue_data/RTE', model_type='bert', model_name_or_path='bert-base-cased', task_name='rte', output_dir='/tmp/RTE/', config_name='', tokenizer_name='', cache_dir='', max_seq_length=128, do_train=True, do_eval=True, do_lower_case=False, per_device_train_batch_size=16, per_device_eval_batch_size=8, gradient_accumulation_steps=1, learning_rate=2e-05, weight_decay=0.0, adam_epsilon=1e-08, max_grad_norm=1.0, num_train_epochs=1.0, max_steps=-1, warmup_steps=0, no_cuda=False, overwrite_output_dir=True, overwrite_cache=False, seed=42, fp16=False, fp16_opt_level='O1', local_rank=3, master_ip='10.10.1.2', master_port='12345', world_size=4, device=device(type='cpu'), n_gpu=0, output_mode='classification')
03/25/2025 13:46:33 - INFO - __main__ -   Loading features from cached file /proj/cos568proj2-PG0/glue_data/RTE/cached_train_bert-base-cased_128_rte
03/25/2025 13:46:35 - INFO - __main__ -   ***** Running training *****
03/25/2025 13:46:35 - INFO - __main__ -     Num examples = 2490
03/25/2025 13:46:35 - INFO - __main__ -     Num Epochs = 1
03/25/2025 13:46:35 - INFO - __main__ -     Instantaneous batch size per device = 16
03/25/2025 13:46:35 - INFO - __main__ -     Total train batch size (w. parallel, distributed & accumulation) = 64
03/25/2025 13:46:35 - INFO - __main__ -     Gradient Accumulation steps = 1
03/25/2025 13:46:35 - INFO - __main__ -     Total optimization steps = 39
03/25/2025 13:46:40 - INFO - __main__ -   Time: 5.6313090000003285
03/25/2025 13:46:46 - INFO - __main__ -   Time: 5.14709670999946
03/25/2025 13:46:50 - INFO - __main__ -   Time: 4.040223001999038
03/25/2025 13:46:54 - INFO - __main__ -   Time: 4.065569788001085
03/25/2025 13:46:57 - INFO - __main__ -   Time: 3.422653645000537
03/25/2025 13:47:01 - INFO - __main__ -   Time: 3.6645567049999954
03/25/2025 13:47:04 - INFO - __main__ -   Time: 3.6432568700001866
03/25/2025 13:47:08 - INFO - __main__ -   Time: 3.5830697439996584
03/25/2025 13:47:11 - INFO - __main__ -   Time: 3.329235997000069
03/25/2025 13:47:15 - INFO - __main__ -   Time: 3.354174560001411
03/25/2025 13:47:18 - INFO - __main__ -   Time: 3.381740800999978
03/25/2025 13:47:21 - INFO - __main__ -   Time: 3.4712388009993447
03/25/2025 13:47:25 - INFO - __main__ -   Time: 3.56181302999903
03/25/2025 13:47:28 - INFO - __main__ -   Time: 3.4036191399991367
03/25/2025 13:47:32 - INFO - __main__ -   Time: 3.2189946140006214
03/25/2025 13:47:35 - INFO - __main__ -   Time: 3.2678686440012825
03/25/2025 13:47:38 - INFO - __main__ -   Time: 3.1564556150005956
03/25/2025 13:47:41 - INFO - __main__ -   Time: 3.2755304989987053
03/25/2025 13:47:45 - INFO - __main__ -   Time: 3.235989320999579
03/25/2025 13:47:48 - INFO - __main__ -   Time: 3.3010643779998645
03/25/2025 13:47:51 - INFO - __main__ -   Time: 3.2507790039999236
03/25/2025 13:47:54 - INFO - __main__ -   Time: 3.2375457279995317
03/25/2025 13:47:58 - INFO - __main__ -   Time: 3.256439106000471
03/25/2025 13:48:01 - INFO - __main__ -   Time: 3.2712659789995087
03/25/2025 13:48:04 - INFO - __main__ -   Time: 3.3175563210006658
03/25/2025 13:48:08 - INFO - __main__ -   Time: 3.4588058820008882
03/25/2025 13:48:11 - INFO - __main__ -   Time: 3.670176032999734
03/25/2025 13:48:15 - INFO - __main__ -   Time: 3.4679244519993517
03/25/2025 13:48:18 - INFO - __main__ -   Time: 3.3517411299999367
03/25/2025 13:48:21 - INFO - __main__ -   Time: 3.1481011559990293
03/25/2025 13:48:25 - INFO - __main__ -   Time: 3.185913740000615
03/25/2025 13:48:28 - INFO - __main__ -   Time: 3.195834606000062
03/25/2025 13:48:31 - INFO - __main__ -   Time: 3.1835054639996088
03/25/2025 13:48:34 - INFO - __main__ -   Time: 3.182392278000407
03/25/2025 13:48:37 - INFO - __main__ -   Time: 3.193018514000869
03/25/2025 13:48:41 - INFO - __main__ -   Time: 3.249005968000347
03/25/2025 13:48:44 - INFO - __main__ -   Time: 3.3469033729998046
03/25/2025 13:48:47 - INFO - __main__ -   Time: 3.3690381180003897
03/25/2025 13:48:50 - INFO - __main__ -   Time: 3.1208286349992704
03/25/2025 13:48:50 - INFO - __main__ -   Loading features from cached file /proj/cos568proj2-PG0/glue_data/RTE/cached_dev_bert-base-cased_128_rte
03/25/2025 13:48:50 - INFO - __main__ -   ***** Running evaluation  *****
03/25/2025 13:48:50 - INFO - __main__ -     Num examples = 277
03/25/2025 13:48:50 - INFO - __main__ -     Batch size = 8
03/25/2025 13:48:51 - INFO - __main__ -   loss: 0.6792739629745483
03/25/2025 13:48:51 - INFO - __main__ -   loss: 0.6594865918159485
03/25/2025 13:48:52 - INFO - __main__ -   loss: 0.627860963344574
03/25/2025 13:48:52 - INFO - __main__ -   loss: 0.7215308547019958
03/25/2025 13:48:52 - INFO - __main__ -   loss: 0.7119660973548889
03/25/2025 13:48:53 - INFO - __main__ -   loss: 0.6950995326042175
03/25/2025 13:48:53 - INFO - __main__ -   loss: 0.6862902641296387
03/25/2025 13:48:53 - INFO - __main__ -   loss: 0.6751022338867188
03/25/2025 13:48:54 - INFO - __main__ -   loss: 0.6292954683303833
03/25/2025 13:48:54 - INFO - __main__ -   loss: 0.7162505388259888
03/25/2025 13:48:54 - INFO - __main__ -   loss: 0.6872202754020691
03/25/2025 13:48:55 - INFO - __main__ -   loss: 0.7055076360702515
03/25/2025 13:48:55 - INFO - __main__ -   loss: 0.6538232564926147
03/25/2025 13:48:55 - INFO - __main__ -   loss: 0.6092687845230103
03/25/2025 13:48:56 - INFO - __main__ -   loss: 0.6504174470901489
03/25/2025 13:48:56 - INFO - __main__ -   loss: 0.7686682939529419
03/25/2025 13:48:56 - INFO - __main__ -   loss: 0.6355127096176147
03/25/2025 13:48:57 - INFO - __main__ -   loss: 0.6749213933944702
03/25/2025 13:48:57 - INFO - __main__ -   loss: 0.6691347360610962
03/25/2025 13:48:57 - INFO - __main__ -   loss: 0.6421696543693542
03/25/2025 13:48:58 - INFO - __main__ -   loss: 0.7326954007148743
03/25/2025 13:48:58 - INFO - __main__ -   loss: 0.6275437474250793
03/25/2025 13:48:58 - INFO - __main__ -   loss: 0.6745201945304871
03/25/2025 13:48:59 - INFO - __main__ -   loss: 0.6563470363616943
03/25/2025 13:48:59 - INFO - __main__ -   loss: 0.7076627016067505
03/25/2025 13:48:59 - INFO - __main__ -   loss: 0.6605845093727112
03/25/2025 13:49:00 - INFO - __main__ -   loss: 0.689466118812561
03/25/2025 13:49:00 - INFO - __main__ -   loss: 0.7039375901222229
03/25/2025 13:49:00 - INFO - __main__ -   loss: 0.6192373037338257
03/25/2025 13:49:01 - INFO - __main__ -   loss: 0.7024820446968079
03/25/2025 13:49:01 - INFO - __main__ -   loss: 0.6923796534538269
03/25/2025 13:49:01 - INFO - __main__ -   loss: 0.6996857523918152
03/25/2025 13:49:02 - INFO - __main__ -   loss: 0.6295850872993469
03/25/2025 13:49:02 - INFO - __main__ -   loss: 0.6898555755615234
03/25/2025 13:49:02 - INFO - __main__ -   loss: 0.6182767748832703
03/25/2025 13:49:02 - INFO - __main__ -   ***** Eval results  *****
03/25/2025 13:49:02 - INFO - __main__ -     acc = 0.5848375451263538
03/25/2025 13:49:02 - INFO - __main__ -   Average time (excluding 1st iteration): 3.4205507197631575
03/25/2025 13:49:02 - INFO - __main__ -   All losses: [0.7816948890686035, 0.614326536655426, 0.6437394618988037, 0.8161933422088623, 0.7411609292030334, 0.6466997861862183, 0.7845600843429565, 0.7537938952445984, 0.8423181772232056, 0.706964910030365, 0.71880042552948, 0.7441222667694092, 0.7273542284965515, 0.6782701015472412, 0.7138474583625793, 0.6852670311927795, 0.7051742672920227, 0.6337583661079407, 0.6820026636123657, 0.6660043597221375, 0.6386430859565735, 0.6844573616981506, 0.7148404121398926, 0.6874883770942688, 0.7233012318611145, 0.6762521862983704, 0.709492027759552, 0.6540760397911072, 0.6662465929985046, 0.614262044429779, 0.6922273635864258, 0.7011114358901978, 0.6652346253395081, 0.6966444849967957, 0.6910602450370789, 0.7210374474525452, 0.6465933918952942, 0.6939706206321716, 0.6482515335083008]
03/25/2025 13:49:02 - INFO - __main__ -    global_step = 39, average loss = 0.69772419715539
03/25/2025 13:49:03 - INFO - __main__ -   Loading features from cached file /proj/cos568proj2-PG0/glue_data/RTE/cached_dev_bert-base-cased_128_rte
03/25/2025 13:49:03 - INFO - __main__ -   ***** Running evaluation  *****
03/25/2025 13:49:03 - INFO - __main__ -     Num examples = 277
03/25/2025 13:49:03 - INFO - __main__ -     Batch size = 8
03/25/2025 13:49:03 - INFO - __main__ -   loss: 0.6792739629745483
03/25/2025 13:49:04 - INFO - __main__ -   loss: 0.6594865918159485
03/25/2025 13:49:04 - INFO - __main__ -   loss: 0.627860963344574
03/25/2025 13:49:04 - INFO - __main__ -   loss: 0.7215308547019958
03/25/2025 13:49:05 - INFO - __main__ -   loss: 0.7119660973548889
03/25/2025 13:49:05 - INFO - __main__ -   loss: 0.6950995326042175
03/25/2025 13:49:05 - INFO - __main__ -   loss: 0.6862902641296387
03/25/2025 13:49:06 - INFO - __main__ -   loss: 0.6751022338867188
03/25/2025 13:49:06 - INFO - __main__ -   loss: 0.6292954683303833
03/25/2025 13:49:06 - INFO - __main__ -   loss: 0.7162505388259888
03/25/2025 13:49:07 - INFO - __main__ -   loss: 0.6872202754020691
03/25/2025 13:49:07 - INFO - __main__ -   loss: 0.7055076360702515
03/25/2025 13:49:07 - INFO - __main__ -   loss: 0.6538232564926147
03/25/2025 13:49:08 - INFO - __main__ -   loss: 0.6092687845230103
03/25/2025 13:49:08 - INFO - __main__ -   loss: 0.6504174470901489
03/25/2025 13:49:08 - INFO - __main__ -   loss: 0.7686682939529419
03/25/2025 13:49:09 - INFO - __main__ -   loss: 0.6355127096176147
03/25/2025 13:49:09 - INFO - __main__ -   loss: 0.6749213933944702
03/25/2025 13:49:09 - INFO - __main__ -   loss: 0.6691347360610962
03/25/2025 13:49:10 - INFO - __main__ -   loss: 0.6421696543693542
03/25/2025 13:49:10 - INFO - __main__ -   loss: 0.7326954007148743
03/25/2025 13:49:11 - INFO - __main__ -   loss: 0.6275437474250793
03/25/2025 13:49:11 - INFO - __main__ -   loss: 0.6745201945304871
03/25/2025 13:49:11 - INFO - __main__ -   loss: 0.6563470363616943
03/25/2025 13:49:12 - INFO - __main__ -   loss: 0.7076627016067505
03/25/2025 13:49:12 - INFO - __main__ -   loss: 0.6605845093727112
03/25/2025 13:49:12 - INFO - __main__ -   loss: 0.689466118812561
03/25/2025 13:49:13 - INFO - __main__ -   loss: 0.7039375901222229
03/25/2025 13:49:13 - INFO - __main__ -   loss: 0.6192373037338257
03/25/2025 13:49:13 - INFO - __main__ -   loss: 0.7024820446968079
03/25/2025 13:49:14 - INFO - __main__ -   loss: 0.6923796534538269
03/25/2025 13:49:14 - INFO - __main__ -   loss: 0.6996857523918152
03/25/2025 13:49:14 - INFO - __main__ -   loss: 0.6295850872993469
03/25/2025 13:49:15 - INFO - __main__ -   loss: 0.6898555755615234
03/25/2025 13:49:15 - INFO - __main__ -   loss: 0.6182767748832703
03/25/2025 13:49:15 - INFO - __main__ -   ***** Eval results  *****
03/25/2025 13:49:15 - INFO - __main__ -     acc = 0.5848375451263538
